Performing C SOURCE FILE Test CMAKE_HAVE_LIBC_PTHREAD failed with the following output:
Change Dir: /home/yoshi/source/MatrixLED-Controller/build/CMakeFiles/CMakeTmp

Run Build Command(s):/usr/bin/make cmTC_15334/fast && /usr/bin/make -f CMakeFiles/cmTC_15334.dir/build.make CMakeFiles/cmTC_15334.dir/build
make[1]: Entering directory '/home/yoshi/source/MatrixLED-Controller/build/CMakeFiles/CMakeTmp'
Building C object CMakeFiles/cmTC_15334.dir/src.c.o
/usr/bin/cc   -DCMAKE_HAVE_LIBC_PTHREAD   -o CMakeFiles/cmTC_15334.dir/src.c.o   -c /home/yoshi/source/MatrixLED-Controller/build/CMakeFiles/CMakeTmp/src.c
Linking C executable cmTC_15334
/usr/bin/cmake -E cmake_link_script CMakeFiles/cmTC_15334.dir/link.txt --verbose=1
/usr/bin/cc  -DCMAKE_HAVE_LIBC_PTHREAD    -rdynamic CMakeFiles/cmTC_15334.dir/src.c.o  -o cmTC_15334 
/usr/bin/ld: CMakeFiles/cmTC_15334.dir/src.c.o: in function `main':
src.c:(.text+0x46): undefined reference to `pthread_create'
/usr/bin/ld: src.c:(.text+0x52): undefined reference to `pthread_detach'
/usr/bin/ld: src.c:(.text+0x63): undefined reference to `pthread_join'
collect2: error: ld returned 1 exit status
make[1]: *** [CMakeFiles/cmTC_15334.dir/build.make:87: cmTC_15334] Error 1
make[1]: Leaving directory '/home/yoshi/source/MatrixLED-Controller/build/CMakeFiles/CMakeTmp'
make: *** [Makefile:121: cmTC_15334/fast] Error 2


Source file was:
#include <pthread.h>

void* test_func(void* data)
{
  return data;
}

int main(void)
{
  pthread_t thread;
  pthread_create(&thread, NULL, test_func, NULL);
  pthread_detach(thread);
  pthread_join(thread, NULL);
  pthread_atfork(NULL, NULL, NULL);
  pthread_exit(NULL);

  return 0;
}

Determining if the function pthread_create exists in the pthreads failed with the following output:
Change Dir: /home/yoshi/source/MatrixLED-Controller/build/CMakeFiles/CMakeTmp

Run Build Command(s):/usr/bin/make cmTC_d5281/fast && /usr/bin/make -f CMakeFiles/cmTC_d5281.dir/build.make CMakeFiles/cmTC_d5281.dir/build
make[1]: Entering directory '/home/yoshi/source/MatrixLED-Controller/build/CMakeFiles/CMakeTmp'
Building C object CMakeFiles/cmTC_d5281.dir/CheckFunctionExists.c.o
/usr/bin/cc   -DCHECK_FUNCTION_EXISTS=pthread_create   -o CMakeFiles/cmTC_d5281.dir/CheckFunctionExists.c.o   -c /usr/share/cmake-3.16/Modules/CheckFunctionExists.c
Linking C executable cmTC_d5281
/usr/bin/cmake -E cmake_link_script CMakeFiles/cmTC_d5281.dir/link.txt --verbose=1
/usr/bin/cc  -DCHECK_FUNCTION_EXISTS=pthread_create    -rdynamic CMakeFiles/cmTC_d5281.dir/CheckFunctionExists.c.o  -o cmTC_d5281  -lpthreads 
/usr/bin/ld: cannot find -lpthreads
collect2: error: ld returned 1 exit status
make[1]: *** [CMakeFiles/cmTC_d5281.dir/build.make:87: cmTC_d5281] Error 1
make[1]: Leaving directory '/home/yoshi/source/MatrixLED-Controller/build/CMakeFiles/CMakeTmp'
make: *** [Makefile:121: cmTC_d5281/fast] Error 2



Determining if the strlcpy exist failed with the following output:
Change Dir: /home/yoshi/source/MatrixLED-Controller/build/CMakeFiles/CMakeTmp

Run Build Command(s):/usr/bin/make cmTC_63e58/fast && /usr/bin/make -f CMakeFiles/cmTC_63e58.dir/build.make CMakeFiles/cmTC_63e58.dir/build
make[1]: Entering directory '/home/yoshi/source/MatrixLED-Controller/build/CMakeFiles/CMakeTmp'
Building CXX object CMakeFiles/cmTC_63e58.dir/CheckSymbolExists.cxx.o
/usr/bin/c++    -fPIC -g -O3 -pthread -std=gnu++11 -Wno-tautological-constant-compare    -o CMakeFiles/cmTC_63e58.dir/CheckSymbolExists.cxx.o -c /home/yoshi/source/MatrixLED-Controller/build/CMakeFiles/CMakeTmp/CheckSymbolExists.cxx
/home/yoshi/source/MatrixLED-Controller/build/CMakeFiles/CMakeTmp/CheckSymbolExists.cxx: In function ‘int main(int, char**)’:
/home/yoshi/source/MatrixLED-Controller/build/CMakeFiles/CMakeTmp/CheckSymbolExists.cxx:8:19: error: ‘strlcpy’ was not declared in this scope; did you mean ‘strncpy’?
    8 |   return ((int*)(&strlcpy))[argc];
      |                   ^~~~~~~
      |                   strncpy
At global scope:
cc1plus: warning: unrecognized command line option ‘-Wno-tautological-constant-compare’
make[1]: *** [CMakeFiles/cmTC_63e58.dir/build.make:66: CMakeFiles/cmTC_63e58.dir/CheckSymbolExists.cxx.o] Error 1
make[1]: Leaving directory '/home/yoshi/source/MatrixLED-Controller/build/CMakeFiles/CMakeTmp'
make: *** [Makefile:121: cmTC_63e58/fast] Error 2


File /home/yoshi/source/MatrixLED-Controller/build/CMakeFiles/CMakeTmp/CheckSymbolExists.cxx:
/* */
#include <string.h>

int main(int argc, char** argv)
{
  (void)argv;
#ifndef strlcpy
  return ((int*)(&strlcpy))[argc];
#else
  (void)argc;
  return 0;
#endif
}
Determining if the kqueue exist failed with the following output:
Change Dir: /home/yoshi/source/MatrixLED-Controller/build/CMakeFiles/CMakeTmp

Run Build Command(s):/usr/bin/make cmTC_c6cb0/fast && /usr/bin/make -f CMakeFiles/cmTC_c6cb0.dir/build.make CMakeFiles/cmTC_c6cb0.dir/build
make[1]: Entering directory '/home/yoshi/source/MatrixLED-Controller/build/CMakeFiles/CMakeTmp'
Building CXX object CMakeFiles/cmTC_c6cb0.dir/CheckSymbolExists.cxx.o
/usr/bin/c++    -fPIC -g -O3 -pthread -std=gnu++11 -Wno-tautological-constant-compare    -o CMakeFiles/cmTC_c6cb0.dir/CheckSymbolExists.cxx.o -c /home/yoshi/source/MatrixLED-Controller/build/CMakeFiles/CMakeTmp/CheckSymbolExists.cxx
/home/yoshi/source/MatrixLED-Controller/build/CMakeFiles/CMakeTmp/CheckSymbolExists.cxx:2:10: fatal error: sys/event.h: No such file or directory
    2 | #include <sys/event.h>
      |          ^~~~~~~~~~~~~
compilation terminated.
make[1]: *** [CMakeFiles/cmTC_c6cb0.dir/build.make:66: CMakeFiles/cmTC_c6cb0.dir/CheckSymbolExists.cxx.o] Error 1
make[1]: Leaving directory '/home/yoshi/source/MatrixLED-Controller/build/CMakeFiles/CMakeTmp'
make: *** [Makefile:121: cmTC_c6cb0/fast] Error 2


File /home/yoshi/source/MatrixLED-Controller/build/CMakeFiles/CMakeTmp/CheckSymbolExists.cxx:
/* */
#include <sys/event.h>

int main(int argc, char** argv)
{
  (void)argv;
#ifndef kqueue
  return ((int*)(&kqueue))[argc];
#else
  (void)argc;
  return 0;
#endif
}
Determining if files windows.h exist failed with the following output:
Change Dir: /home/yoshi/source/MatrixLED-Controller/build/CMakeFiles/CMakeTmp

Run Build Command(s):/usr/bin/make cmTC_4c27e/fast && /usr/bin/make -f CMakeFiles/cmTC_4c27e.dir/build.make CMakeFiles/cmTC_4c27e.dir/build
make[1]: Entering directory '/home/yoshi/source/MatrixLED-Controller/build/CMakeFiles/CMakeTmp'
Building C object CMakeFiles/cmTC_4c27e.dir/ZMQ_HAVE_WINDOWS.c.o
/usr/bin/cc   -std=gnu11 -Wno-tautological-constant-compare    -o CMakeFiles/cmTC_4c27e.dir/ZMQ_HAVE_WINDOWS.c.o   -c /home/yoshi/source/MatrixLED-Controller/build/CMakeFiles/CheckIncludeFiles/ZMQ_HAVE_WINDOWS.c
/home/yoshi/source/MatrixLED-Controller/build/CMakeFiles/CheckIncludeFiles/ZMQ_HAVE_WINDOWS.c:2:10: fatal error: windows.h: No such file or directory
    2 | #include <windows.h>
      |          ^~~~~~~~~~~
compilation terminated.
make[1]: *** [CMakeFiles/cmTC_4c27e.dir/build.make:66: CMakeFiles/cmTC_4c27e.dir/ZMQ_HAVE_WINDOWS.c.o] Error 1
make[1]: Leaving directory '/home/yoshi/source/MatrixLED-Controller/build/CMakeFiles/CMakeTmp'
make: *** [Makefile:121: cmTC_4c27e/fast] Error 2


Source:
/* */
#include <windows.h>


int main(void){return 0;}

Determining if the LOCAL_PEERCRED exist failed with the following output:
Change Dir: /home/yoshi/source/MatrixLED-Controller/build/CMakeFiles/CMakeTmp

Run Build Command(s):/usr/bin/make cmTC_e58ca/fast && /usr/bin/make -f CMakeFiles/cmTC_e58ca.dir/build.make CMakeFiles/cmTC_e58ca.dir/build
make[1]: Entering directory '/home/yoshi/source/MatrixLED-Controller/build/CMakeFiles/CMakeTmp'
Building CXX object CMakeFiles/cmTC_e58ca.dir/CheckSymbolExists.cxx.o
/usr/bin/c++    -fPIC -g -O3 -pthread -std=gnu++11 -Wno-tautological-constant-compare    -o CMakeFiles/cmTC_e58ca.dir/CheckSymbolExists.cxx.o -c /home/yoshi/source/MatrixLED-Controller/build/CMakeFiles/CMakeTmp/CheckSymbolExists.cxx
/home/yoshi/source/MatrixLED-Controller/build/CMakeFiles/CMakeTmp/CheckSymbolExists.cxx: In function ‘int main(int, char**)’:
/home/yoshi/source/MatrixLED-Controller/build/CMakeFiles/CMakeTmp/CheckSymbolExists.cxx:8:19: error: ‘LOCAL_PEERCRED’ was not declared in this scope; did you mean ‘SO_PEERCRED’?
    8 |   return ((int*)(&LOCAL_PEERCRED))[argc];
      |                   ^~~~~~~~~~~~~~
      |                   SO_PEERCRED
At global scope:
cc1plus: warning: unrecognized command line option ‘-Wno-tautological-constant-compare’
make[1]: *** [CMakeFiles/cmTC_e58ca.dir/build.make:66: CMakeFiles/cmTC_e58ca.dir/CheckSymbolExists.cxx.o] Error 1
make[1]: Leaving directory '/home/yoshi/source/MatrixLED-Controller/build/CMakeFiles/CMakeTmp'
make: *** [Makefile:121: cmTC_e58ca/fast] Error 2


File /home/yoshi/source/MatrixLED-Controller/build/CMakeFiles/CMakeTmp/CheckSymbolExists.cxx:
/* */
#include <sys/socket.h>

int main(int argc, char** argv)
{
  (void)argv;
#ifndef LOCAL_PEERCRED
  return ((int*)(&LOCAL_PEERCRED))[argc];
#else
  (void)argc;
  return 0;
#endif
}
Determining if the gethrtime exist failed with the following output:
Change Dir: /home/yoshi/source/MatrixLED-Controller/build/CMakeFiles/CMakeTmp

Run Build Command(s):/usr/bin/make cmTC_330bf/fast && /usr/bin/make -f CMakeFiles/cmTC_330bf.dir/build.make CMakeFiles/cmTC_330bf.dir/build
make[1]: Entering directory '/home/yoshi/source/MatrixLED-Controller/build/CMakeFiles/CMakeTmp'
Building CXX object CMakeFiles/cmTC_330bf.dir/CheckSymbolExists.cxx.o
/usr/bin/c++    -fPIC -g -O3 -pthread -std=gnu++11 -Wno-tautological-constant-compare    -o CMakeFiles/cmTC_330bf.dir/CheckSymbolExists.cxx.o -c /home/yoshi/source/MatrixLED-Controller/build/CMakeFiles/CMakeTmp/CheckSymbolExists.cxx
/home/yoshi/source/MatrixLED-Controller/build/CMakeFiles/CMakeTmp/CheckSymbolExists.cxx: In function ‘int main(int, char**)’:
/home/yoshi/source/MatrixLED-Controller/build/CMakeFiles/CMakeTmp/CheckSymbolExists.cxx:8:19: error: ‘gethrtime’ was not declared in this scope; did you mean ‘getitimer’?
    8 |   return ((int*)(&gethrtime))[argc];
      |                   ^~~~~~~~~
      |                   getitimer
At global scope:
cc1plus: warning: unrecognized command line option ‘-Wno-tautological-constant-compare’
make[1]: *** [CMakeFiles/cmTC_330bf.dir/build.make:66: CMakeFiles/cmTC_330bf.dir/CheckSymbolExists.cxx.o] Error 1
make[1]: Leaving directory '/home/yoshi/source/MatrixLED-Controller/build/CMakeFiles/CMakeTmp'
make: *** [Makefile:121: cmTC_330bf/fast] Error 2


File /home/yoshi/source/MatrixLED-Controller/build/CMakeFiles/CMakeTmp/CheckSymbolExists.cxx:
/* */
#include <sys/time.h>

int main(int argc, char** argv)
{
  (void)argv;
#ifndef gethrtime
  return ((int*)(&gethrtime))[argc];
#else
  (void)argc;
  return 0;
#endif
}
Performing C++ SOURCE FILE Test HAVE_FLAG_-Wall failed with the following output:
Change Dir: /home/yoshi/source/MatrixLED-Controller/build/CMakeFiles/CMakeTmp

Run Build Command(s):/usr/bin/make cmTC_fb6f2/fast && /usr/bin/make -f CMakeFiles/cmTC_fb6f2.dir/build.make CMakeFiles/cmTC_fb6f2.dir/build
make[1]: Entering directory '/home/yoshi/source/MatrixLED-Controller/build/CMakeFiles/CMakeTmp'
Building CXX object CMakeFiles/cmTC_fb6f2.dir/src.cxx.o
/usr/bin/c++    -fPIC -g -O3 -pthread -std=gnu++11 -Wno-tautological-constant-compare -DHAVE_FLAG_-Wall   -Wall -o CMakeFiles/cmTC_fb6f2.dir/src.cxx.o -c /home/yoshi/source/MatrixLED-Controller/build/CMakeFiles/CMakeTmp/src.cxx
<command-line>: warning: ISO C++11 requires whitespace after the macro name
cc1plus: warning: unrecognized command line option '-Wno-tautological-constant-compare'
Linking CXX executable cmTC_fb6f2
/usr/bin/cmake -E cmake_link_script CMakeFiles/cmTC_fb6f2.dir/link.txt --verbose=1
/usr/bin/c++  -fPIC -g -O3 -pthread -std=gnu++11 -Wno-tautological-constant-compare -DHAVE_FLAG_-Wall    -rdynamic CMakeFiles/cmTC_fb6f2.dir/src.cxx.o  -o cmTC_fb6f2 
make[1]: Leaving directory '/home/yoshi/source/MatrixLED-Controller/build/CMakeFiles/CMakeTmp'


Source file was:
int main() { return 0; }
Performing C++ SOURCE FILE Test HAVE_FLAG_-Wextra failed with the following output:
Change Dir: /home/yoshi/source/MatrixLED-Controller/build/CMakeFiles/CMakeTmp

Run Build Command(s):/usr/bin/make cmTC_f5509/fast && /usr/bin/make -f CMakeFiles/cmTC_f5509.dir/build.make CMakeFiles/cmTC_f5509.dir/build
make[1]: Entering directory '/home/yoshi/source/MatrixLED-Controller/build/CMakeFiles/CMakeTmp'
Building CXX object CMakeFiles/cmTC_f5509.dir/src.cxx.o
/usr/bin/c++    -fPIC -g -O3 -pthread -std=gnu++11 -Wno-tautological-constant-compare -DHAVE_FLAG_-Wextra   -Wextra -o CMakeFiles/cmTC_f5509.dir/src.cxx.o -c /home/yoshi/source/MatrixLED-Controller/build/CMakeFiles/CMakeTmp/src.cxx
<command-line>: warning: ISO C++11 requires whitespace after the macro name
cc1plus: warning: unrecognized command line option '-Wno-tautological-constant-compare'
Linking CXX executable cmTC_f5509
/usr/bin/cmake -E cmake_link_script CMakeFiles/cmTC_f5509.dir/link.txt --verbose=1
/usr/bin/c++  -fPIC -g -O3 -pthread -std=gnu++11 -Wno-tautological-constant-compare -DHAVE_FLAG_-Wextra    -rdynamic CMakeFiles/cmTC_f5509.dir/src.cxx.o  -o cmTC_f5509 
make[1]: Leaving directory '/home/yoshi/source/MatrixLED-Controller/build/CMakeFiles/CMakeTmp'


Source file was:
int main() { return 0; }
Performing C++ SOURCE FILE Test HAVE_FLAG_-Wno-long-long failed with the following output:
Change Dir: /home/yoshi/source/MatrixLED-Controller/build/CMakeFiles/CMakeTmp

Run Build Command(s):/usr/bin/make cmTC_bcadf/fast && /usr/bin/make -f CMakeFiles/cmTC_bcadf.dir/build.make CMakeFiles/cmTC_bcadf.dir/build
make[1]: Entering directory '/home/yoshi/source/MatrixLED-Controller/build/CMakeFiles/CMakeTmp'
Building CXX object CMakeFiles/cmTC_bcadf.dir/src.cxx.o
/usr/bin/c++    -fPIC -g -O3 -pthread -std=gnu++11 -Wno-tautological-constant-compare -DHAVE_FLAG_-Wno-long-long   -Wno-long-long -o CMakeFiles/cmTC_bcadf.dir/src.cxx.o -c /home/yoshi/source/MatrixLED-Controller/build/CMakeFiles/CMakeTmp/src.cxx
<command-line>: warning: ISO C++11 requires whitespace after the macro name
cc1plus: warning: unrecognized command line option '-Wno-tautological-constant-compare'
Linking CXX executable cmTC_bcadf
/usr/bin/cmake -E cmake_link_script CMakeFiles/cmTC_bcadf.dir/link.txt --verbose=1
/usr/bin/c++  -fPIC -g -O3 -pthread -std=gnu++11 -Wno-tautological-constant-compare -DHAVE_FLAG_-Wno-long-long    -rdynamic CMakeFiles/cmTC_bcadf.dir/src.cxx.o  -o cmTC_bcadf 
make[1]: Leaving directory '/home/yoshi/source/MatrixLED-Controller/build/CMakeFiles/CMakeTmp'


Source file was:
int main() { return 0; }
Performing C++ SOURCE FILE Test HAVE_FLAG_-Wno-uninitialized failed with the following output:
Change Dir: /home/yoshi/source/MatrixLED-Controller/build/CMakeFiles/CMakeTmp

Run Build Command(s):/usr/bin/make cmTC_08d06/fast && /usr/bin/make -f CMakeFiles/cmTC_08d06.dir/build.make CMakeFiles/cmTC_08d06.dir/build
make[1]: Entering directory '/home/yoshi/source/MatrixLED-Controller/build/CMakeFiles/CMakeTmp'
Building CXX object CMakeFiles/cmTC_08d06.dir/src.cxx.o
/usr/bin/c++    -fPIC -g -O3 -pthread -std=gnu++11 -Wno-tautological-constant-compare -DHAVE_FLAG_-Wno-uninitialized   -Wno-uninitialized -o CMakeFiles/cmTC_08d06.dir/src.cxx.o -c /home/yoshi/source/MatrixLED-Controller/build/CMakeFiles/CMakeTmp/src.cxx
<command-line>: warning: ISO C++11 requires whitespace after the macro name
cc1plus: warning: unrecognized command line option '-Wno-tautological-constant-compare'
Linking CXX executable cmTC_08d06
/usr/bin/cmake -E cmake_link_script CMakeFiles/cmTC_08d06.dir/link.txt --verbose=1
/usr/bin/c++  -fPIC -g -O3 -pthread -std=gnu++11 -Wno-tautological-constant-compare -DHAVE_FLAG_-Wno-uninitialized    -rdynamic CMakeFiles/cmTC_08d06.dir/src.cxx.o  -o cmTC_08d06 
make[1]: Leaving directory '/home/yoshi/source/MatrixLED-Controller/build/CMakeFiles/CMakeTmp'


Source file was:
int main() { return 0; }
Performing C++ SOURCE FILE Test HAVE_FLAG_-pedantic failed with the following output:
Change Dir: /home/yoshi/source/MatrixLED-Controller/build/CMakeFiles/CMakeTmp

Run Build Command(s):/usr/bin/make cmTC_49210/fast && /usr/bin/make -f CMakeFiles/cmTC_49210.dir/build.make CMakeFiles/cmTC_49210.dir/build
make[1]: Entering directory '/home/yoshi/source/MatrixLED-Controller/build/CMakeFiles/CMakeTmp'
Building CXX object CMakeFiles/cmTC_49210.dir/src.cxx.o
/usr/bin/c++    -fPIC -g -O3 -pthread -std=gnu++11 -Wno-tautological-constant-compare -DHAVE_FLAG_-pedantic   -pedantic -o CMakeFiles/cmTC_49210.dir/src.cxx.o -c /home/yoshi/source/MatrixLED-Controller/build/CMakeFiles/CMakeTmp/src.cxx
<command-line>: warning: ISO C++11 requires whitespace after the macro name
cc1plus: warning: unrecognized command line option '-Wno-tautological-constant-compare'
Linking CXX executable cmTC_49210
/usr/bin/cmake -E cmake_link_script CMakeFiles/cmTC_49210.dir/link.txt --verbose=1
/usr/bin/c++  -fPIC -g -O3 -pthread -std=gnu++11 -Wno-tautological-constant-compare -DHAVE_FLAG_-pedantic    -rdynamic CMakeFiles/cmTC_49210.dir/src.cxx.o  -o cmTC_49210 
make[1]: Leaving directory '/home/yoshi/source/MatrixLED-Controller/build/CMakeFiles/CMakeTmp'


Source file was:
int main() { return 0; }
Performing C SOURCE FILE Test ZMQ_HAVE_SO_PRIORITY failed with the following compile output:
Change Dir: /home/yoshi/source/MatrixLED-Controller/build/CMakeFiles/CMakeTmp

Run Build Command(s):/usr/bin/make cmTC_3a445/fast && /usr/bin/make -f CMakeFiles/cmTC_3a445.dir/build.make CMakeFiles/cmTC_3a445.dir/build
make[1]: Entering directory '/home/yoshi/source/MatrixLED-Controller/build/CMakeFiles/CMakeTmp'
Building C object CMakeFiles/cmTC_3a445.dir/src.c.o
/usr/bin/cc   -std=gnu11 -Wno-tautological-constant-compare -DZMQ_HAVE_SO_PRIORITY   -o CMakeFiles/cmTC_3a445.dir/src.c.o   -c /home/yoshi/source/MatrixLED-Controller/build/CMakeFiles/CMakeTmp/src.c
Linking C executable cmTC_3a445
/usr/bin/cmake -E cmake_link_script CMakeFiles/cmTC_3a445.dir/link.txt --verbose=1
/usr/bin/cc  -std=gnu11 -Wno-tautological-constant-compare -DZMQ_HAVE_SO_PRIORITY    -rdynamic CMakeFiles/cmTC_3a445.dir/src.c.o  -o cmTC_3a445 
make[1]: Leaving directory '/home/yoshi/source/MatrixLED-Controller/build/CMakeFiles/CMakeTmp'


...and run output:

Return value: 1
Source file was:

#include <sys/types.h>
#include <sys/socket.h>

int main (int argc, char *argv [])
{
    int s, rc, opt = 1;
    return (
        ((s = socket (PF_INET, SOCK_STREAM, 0)) == -1) ||
        ((rc = setsockopt (s, SOL_SOCKET, SO_PRIORITY, (char*) &opt, sizeof (int))) == -1)
    );
}

Performing C SOURCE FILE Test ZMQ_HAVE_TCP_KEEPALIVE failed with the following compile output:
Change Dir: /home/yoshi/source/MatrixLED-Controller/build/CMakeFiles/CMakeTmp

Run Build Command(s):/usr/bin/make cmTC_2d6bb/fast && /usr/bin/make -f CMakeFiles/cmTC_2d6bb.dir/build.make CMakeFiles/cmTC_2d6bb.dir/build
make[1]: Entering directory '/home/yoshi/source/MatrixLED-Controller/build/CMakeFiles/CMakeTmp'
Building C object CMakeFiles/cmTC_2d6bb.dir/src.c.o
/usr/bin/cc   -std=gnu11 -Wno-tautological-constant-compare -DZMQ_HAVE_TCP_KEEPALIVE   -o CMakeFiles/cmTC_2d6bb.dir/src.c.o   -c /home/yoshi/source/MatrixLED-Controller/build/CMakeFiles/CMakeTmp/src.c
/home/yoshi/source/MatrixLED-Controller/build/CMakeFiles/CMakeTmp/src.c: In function ‘main’:
/home/yoshi/source/MatrixLED-Controller/build/CMakeFiles/CMakeTmp/src.c:13:42: error: ‘TCP_KEEPALIVE’ undeclared (first use in this function); did you mean ‘SO_KEEPALIVE’?
   13 |        ((rc = setsockopt(s, IPPROTO_TCP, TCP_KEEPALIVE,(char*) &opt, sizeof(int))) == -1)
      |                                          ^~~~~~~~~~~~~
      |                                          SO_KEEPALIVE
/home/yoshi/source/MatrixLED-Controller/build/CMakeFiles/CMakeTmp/src.c:13:42: note: each undeclared identifier is reported only once for each function it appears in
/home/yoshi/source/MatrixLED-Controller/build/CMakeFiles/CMakeTmp/src.c: At top level:
cc1: warning: unrecognized command line option ‘-Wno-tautological-constant-compare’
make[1]: *** [CMakeFiles/cmTC_2d6bb.dir/build.make:66: CMakeFiles/cmTC_2d6bb.dir/src.c.o] Error 1
make[1]: Leaving directory '/home/yoshi/source/MatrixLED-Controller/build/CMakeFiles/CMakeTmp'
make: *** [Makefile:121: cmTC_2d6bb/fast] Error 2


...and run output:

Return value: 1
Source file was:

#include <sys/types.h>
#include <sys/socket.h>
#include <netinet/in.h>
#include <netinet/tcp.h>

int main(int argc, char *argv [])
{
    int s, rc, opt = 1;
    return(
       ((s = socket(PF_INET, SOCK_STREAM, 0)) == -1) ||
       ((rc = setsockopt(s, SOL_SOCKET, SO_KEEPALIVE,(char*) &opt, sizeof(int))) == -1) ||
       ((rc = setsockopt(s, IPPROTO_TCP, TCP_KEEPALIVE,(char*) &opt, sizeof(int))) == -1)
    );
}

Performing C SOURCE FILE Test ZMQ_HAVE_PTHREAD_SETNAME_1 failed with the following compile output:
Change Dir: /home/yoshi/source/MatrixLED-Controller/build/CMakeFiles/CMakeTmp

Run Build Command(s):/usr/bin/make cmTC_39110/fast && /usr/bin/make -f CMakeFiles/cmTC_39110.dir/build.make CMakeFiles/cmTC_39110.dir/build
make[1]: Entering directory '/home/yoshi/source/MatrixLED-Controller/build/CMakeFiles/CMakeTmp'
Building C object CMakeFiles/cmTC_39110.dir/src.c.o
/usr/bin/cc   -std=gnu11 -Wno-tautological-constant-compare -DZMQ_HAVE_PTHREAD_SETNAME_1 -D_GNU_SOURCE -Werror -pthread   -o CMakeFiles/cmTC_39110.dir/src.c.o   -c /home/yoshi/source/MatrixLED-Controller/build/CMakeFiles/CMakeTmp/src.c
/home/yoshi/source/MatrixLED-Controller/build/CMakeFiles/CMakeTmp/src.c: In function ‘main’:
/home/yoshi/source/MatrixLED-Controller/build/CMakeFiles/CMakeTmp/src.c:6:25: error: passing argument 1 of ‘pthread_setname_np’ makes integer from pointer without a cast [-Werror=int-conversion]
    6 |     pthread_setname_np ("foo");
      |                         ^~~~~
      |                         |
      |                         char *
In file included from /home/yoshi/source/MatrixLED-Controller/build/CMakeFiles/CMakeTmp/src.c:2:
/usr/include/pthread.h:427:42: note: expected ‘pthread_t’ {aka ‘long unsigned int’} but argument is of type ‘char *’
  427 | extern int pthread_setname_np (pthread_t __target_thread, const char *__name)
      |                                ~~~~~~~~~~^~~~~~~~~~~~~~~
/home/yoshi/source/MatrixLED-Controller/build/CMakeFiles/CMakeTmp/src.c:6:5: error: too few arguments to function ‘pthread_setname_np’
    6 |     pthread_setname_np ("foo");
      |     ^~~~~~~~~~~~~~~~~~
In file included from /home/yoshi/source/MatrixLED-Controller/build/CMakeFiles/CMakeTmp/src.c:2:
/usr/include/pthread.h:427:12: note: declared here
  427 | extern int pthread_setname_np (pthread_t __target_thread, const char *__name)
      |            ^~~~~~~~~~~~~~~~~~
/home/yoshi/source/MatrixLED-Controller/build/CMakeFiles/CMakeTmp/src.c: At top level:
cc1: error: unrecognized command line option ‘-Wno-tautological-constant-compare’ [-Werror]
cc1: all warnings being treated as errors
make[1]: *** [CMakeFiles/cmTC_39110.dir/build.make:66: CMakeFiles/cmTC_39110.dir/src.c.o] Error 1
make[1]: Leaving directory '/home/yoshi/source/MatrixLED-Controller/build/CMakeFiles/CMakeTmp'
make: *** [Makefile:121: cmTC_39110/fast] Error 2


...and run output:

Return value: 1
Source file was:

#include <pthread.h>

int main(int argc, char *argv [])
{
    pthread_setname_np ("foo");
    return 0;
}

Performing C SOURCE FILE Test ZMQ_HAVE_PTHREAD_SETNAME_3 failed with the following compile output:
Change Dir: /home/yoshi/source/MatrixLED-Controller/build/CMakeFiles/CMakeTmp

Run Build Command(s):/usr/bin/make cmTC_122d0/fast && /usr/bin/make -f CMakeFiles/cmTC_122d0.dir/build.make CMakeFiles/cmTC_122d0.dir/build
make[1]: Entering directory '/home/yoshi/source/MatrixLED-Controller/build/CMakeFiles/CMakeTmp'
Building C object CMakeFiles/cmTC_122d0.dir/src.c.o
/usr/bin/cc   -std=gnu11 -Wno-tautological-constant-compare -DZMQ_HAVE_PTHREAD_SETNAME_3 -D_GNU_SOURCE -Werror -pthread   -o CMakeFiles/cmTC_122d0.dir/src.c.o   -c /home/yoshi/source/MatrixLED-Controller/build/CMakeFiles/CMakeTmp/src.c
/home/yoshi/source/MatrixLED-Controller/build/CMakeFiles/CMakeTmp/src.c: In function ‘main’:
/home/yoshi/source/MatrixLED-Controller/build/CMakeFiles/CMakeTmp/src.c:6:5: error: too many arguments to function ‘pthread_setname_np’
    6 |     pthread_setname_np (pthread_self(), "foo", (void *)0);
      |     ^~~~~~~~~~~~~~~~~~
In file included from /home/yoshi/source/MatrixLED-Controller/build/CMakeFiles/CMakeTmp/src.c:2:
/usr/include/pthread.h:427:12: note: declared here
  427 | extern int pthread_setname_np (pthread_t __target_thread, const char *__name)
      |            ^~~~~~~~~~~~~~~~~~
/home/yoshi/source/MatrixLED-Controller/build/CMakeFiles/CMakeTmp/src.c: At top level:
cc1: error: unrecognized command line option ‘-Wno-tautological-constant-compare’ [-Werror]
cc1: all warnings being treated as errors
make[1]: *** [CMakeFiles/cmTC_122d0.dir/build.make:66: CMakeFiles/cmTC_122d0.dir/src.c.o] Error 1
make[1]: Leaving directory '/home/yoshi/source/MatrixLED-Controller/build/CMakeFiles/CMakeTmp'
make: *** [Makefile:121: cmTC_122d0/fast] Error 2


...and run output:

Return value: 1
Source file was:

#include <pthread.h>

int main(int argc, char *argv [])
{
    pthread_setname_np (pthread_self(), "foo", (void *)0);
    return 0;
}

Performing C SOURCE FILE Test ZMQ_HAVE_PTHREAD_SET_NAME failed with the following compile output:
Change Dir: /home/yoshi/source/MatrixLED-Controller/build/CMakeFiles/CMakeTmp

Run Build Command(s):/usr/bin/make cmTC_48e51/fast && /usr/bin/make -f CMakeFiles/cmTC_48e51.dir/build.make CMakeFiles/cmTC_48e51.dir/build
make[1]: Entering directory '/home/yoshi/source/MatrixLED-Controller/build/CMakeFiles/CMakeTmp'
Building C object CMakeFiles/cmTC_48e51.dir/src.c.o
/usr/bin/cc   -std=gnu11 -Wno-tautological-constant-compare -DZMQ_HAVE_PTHREAD_SET_NAME -D_GNU_SOURCE -Werror -pthread   -o CMakeFiles/cmTC_48e51.dir/src.c.o   -c /home/yoshi/source/MatrixLED-Controller/build/CMakeFiles/CMakeTmp/src.c
/home/yoshi/source/MatrixLED-Controller/build/CMakeFiles/CMakeTmp/src.c: In function ‘main’:
/home/yoshi/source/MatrixLED-Controller/build/CMakeFiles/CMakeTmp/src.c:6:5: error: implicit declaration of function ‘pthread_set_name_np’; did you mean ‘pthread_setname_np’? [-Werror=implicit-function-declaration]
    6 |     pthread_set_name_np (pthread_self(), "foo");
      |     ^~~~~~~~~~~~~~~~~~~
      |     pthread_setname_np
/home/yoshi/source/MatrixLED-Controller/build/CMakeFiles/CMakeTmp/src.c: At top level:
cc1: error: unrecognized command line option ‘-Wno-tautological-constant-compare’ [-Werror]
cc1: all warnings being treated as errors
make[1]: *** [CMakeFiles/cmTC_48e51.dir/build.make:66: CMakeFiles/cmTC_48e51.dir/src.c.o] Error 1
make[1]: Leaving directory '/home/yoshi/source/MatrixLED-Controller/build/CMakeFiles/CMakeTmp'
make: *** [Makefile:121: cmTC_48e51/fast] Error 2


...and run output:

Return value: 1
Source file was:

#include <pthread.h>

int main(int argc, char *argv [])
{
    pthread_set_name_np (pthread_self(), "foo");
    return 0;
}

