The system is: Linux - 4.4.0-19041-Microsoft - x86_64
Compiling the C compiler identification source file "CMakeCCompilerId.c" succeeded.
Compiler: /usr/bin/cc 
Build flags: 
Id flags:  

The output was:
0


Compilation of the C compiler identification source "CMakeCCompilerId.c" produced "a.out"

The C compiler identification is GNU, found in "/home/yoshi/source/MatrixLED-Controller/build/CMakeFiles/3.16.3/CompilerIdC/a.out"

Compiling the CXX compiler identification source file "CMakeCXXCompilerId.cpp" succeeded.
Compiler: /usr/bin/c++ 
Build flags: 
Id flags:  

The output was:
0


Compilation of the CXX compiler identification source "CMakeCXXCompilerId.cpp" produced "a.out"

The CXX compiler identification is GNU, found in "/home/yoshi/source/MatrixLED-Controller/build/CMakeFiles/3.16.3/CompilerIdCXX/a.out"

Determining if the C compiler works passed with the following output:
Change Dir: /home/yoshi/source/MatrixLED-Controller/build/CMakeFiles/CMakeTmp

Run Build Command(s):/usr/bin/make cmTC_aea03/fast && /usr/bin/make -f CMakeFiles/cmTC_aea03.dir/build.make CMakeFiles/cmTC_aea03.dir/build
make[1]: Entering directory '/home/yoshi/source/MatrixLED-Controller/build/CMakeFiles/CMakeTmp'
Building C object CMakeFiles/cmTC_aea03.dir/testCCompiler.c.o
/usr/bin/cc    -o CMakeFiles/cmTC_aea03.dir/testCCompiler.c.o   -c /home/yoshi/source/MatrixLED-Controller/build/CMakeFiles/CMakeTmp/testCCompiler.c
Linking C executable cmTC_aea03
/usr/bin/cmake -E cmake_link_script CMakeFiles/cmTC_aea03.dir/link.txt --verbose=1
/usr/bin/cc      CMakeFiles/cmTC_aea03.dir/testCCompiler.c.o  -o cmTC_aea03 
make[1]: Leaving directory '/home/yoshi/source/MatrixLED-Controller/build/CMakeFiles/CMakeTmp'



Detecting C compiler ABI info compiled with the following output:
Change Dir: /home/yoshi/source/MatrixLED-Controller/build/CMakeFiles/CMakeTmp

Run Build Command(s):/usr/bin/make cmTC_df49f/fast && /usr/bin/make -f CMakeFiles/cmTC_df49f.dir/build.make CMakeFiles/cmTC_df49f.dir/build
make[1]: Entering directory '/home/yoshi/source/MatrixLED-Controller/build/CMakeFiles/CMakeTmp'
Building C object CMakeFiles/cmTC_df49f.dir/CMakeCCompilerABI.c.o
/usr/bin/cc   -v -o CMakeFiles/cmTC_df49f.dir/CMakeCCompilerABI.c.o   -c /usr/share/cmake-3.16/Modules/CMakeCCompilerABI.c
Using built-in specs.
COLLECT_GCC=/usr/bin/cc
OFFLOAD_TARGET_NAMES=nvptx-none:hsa
OFFLOAD_TARGET_DEFAULT=1
Target: x86_64-linux-gnu
Configured with: ../src/configure -v --with-pkgversion='Ubuntu 9.4.0-1ubuntu1~20.04.1' --with-bugurl=file:///usr/share/doc/gcc-9/README.Bugs --enable-languages=c,ada,c++,go,brig,d,fortran,objc,obj-c++,gm2 --prefix=/usr --with-gcc-major-version-only --program-suffix=-9 --program-prefix=x86_64-linux-gnu- --enable-shared --enable-linker-build-id --libexecdir=/usr/lib --without-included-gettext --enable-threads=posix --libdir=/usr/lib --enable-nls --enable-clocale=gnu --enable-libstdcxx-debug --enable-libstdcxx-time=yes --with-default-libstdcxx-abi=new --enable-gnu-unique-object --disable-vtable-verify --enable-plugin --enable-default-pie --with-system-zlib --with-target-system-zlib=auto --enable-objc-gc=auto --enable-multiarch --disable-werror --with-arch-32=i686 --with-abi=m64 --with-multilib-list=m32,m64,mx32 --enable-multilib --with-tune=generic --enable-offload-targets=nvptx-none=/build/gcc-9-Av3uEd/gcc-9-9.4.0/debian/tmp-nvptx/usr,hsa --without-cuda-driver --enable-checking=release --build=x86_64-linux-gnu --host=x86_64-linux-gnu --target=x86_64-linux-gnu
Thread model: posix
gcc version 9.4.0 (Ubuntu 9.4.0-1ubuntu1~20.04.1) 
COLLECT_GCC_OPTIONS='-v' '-o' 'CMakeFiles/cmTC_df49f.dir/CMakeCCompilerABI.c.o' '-c' '-mtune=generic' '-march=x86-64'
 /usr/lib/gcc/x86_64-linux-gnu/9/cc1 -quiet -v -imultiarch x86_64-linux-gnu /usr/share/cmake-3.16/Modules/CMakeCCompilerABI.c -quiet -dumpbase CMakeCCompilerABI.c -mtune=generic -march=x86-64 -auxbase-strip CMakeFiles/cmTC_df49f.dir/CMakeCCompilerABI.c.o -version -fasynchronous-unwind-tables -fstack-protector-strong -Wformat -Wformat-security -fstack-clash-protection -fcf-protection -o /tmp/ccIxbgUB.s
GNU C17 (Ubuntu 9.4.0-1ubuntu1~20.04.1) version 9.4.0 (x86_64-linux-gnu)
	compiled by GNU C version 9.4.0, GMP version 6.2.0, MPFR version 4.0.2, MPC version 1.1.0, isl version isl-0.22.1-GMP

GGC heuristics: --param ggc-min-expand=100 --param ggc-min-heapsize=131072
ignoring nonexistent directory "/usr/local/include/x86_64-linux-gnu"
ignoring nonexistent directory "/usr/lib/gcc/x86_64-linux-gnu/9/include-fixed"
ignoring nonexistent directory "/usr/lib/gcc/x86_64-linux-gnu/9/../../../../x86_64-linux-gnu/include"
#include "..." search starts here:
#include <...> search starts here:
 /usr/lib/gcc/x86_64-linux-gnu/9/include
 /usr/local/include
 /usr/include/x86_64-linux-gnu
 /usr/include
End of search list.
GNU C17 (Ubuntu 9.4.0-1ubuntu1~20.04.1) version 9.4.0 (x86_64-linux-gnu)
	compiled by GNU C version 9.4.0, GMP version 6.2.0, MPFR version 4.0.2, MPC version 1.1.0, isl version isl-0.22.1-GMP

GGC heuristics: --param ggc-min-expand=100 --param ggc-min-heapsize=131072
Compiler executable checksum: c0c95c0b4209efec1c1892d5ff24030b
COLLECT_GCC_OPTIONS='-v' '-o' 'CMakeFiles/cmTC_df49f.dir/CMakeCCompilerABI.c.o' '-c' '-mtune=generic' '-march=x86-64'
 as -v --64 -o CMakeFiles/cmTC_df49f.dir/CMakeCCompilerABI.c.o /tmp/ccIxbgUB.s
GNU assembler version 2.34 (x86_64-linux-gnu) using BFD version (GNU Binutils for Ubuntu) 2.34
COMPILER_PATH=/usr/lib/gcc/x86_64-linux-gnu/9/:/usr/lib/gcc/x86_64-linux-gnu/9/:/usr/lib/gcc/x86_64-linux-gnu/:/usr/lib/gcc/x86_64-linux-gnu/9/:/usr/lib/gcc/x86_64-linux-gnu/
LIBRARY_PATH=/usr/lib/gcc/x86_64-linux-gnu/9/:/usr/lib/gcc/x86_64-linux-gnu/9/../../../x86_64-linux-gnu/:/usr/lib/gcc/x86_64-linux-gnu/9/../../../../lib/:/lib/x86_64-linux-gnu/:/lib/../lib/:/usr/lib/x86_64-linux-gnu/:/usr/lib/../lib/:/usr/lib/gcc/x86_64-linux-gnu/9/../../../:/lib/:/usr/lib/
COLLECT_GCC_OPTIONS='-v' '-o' 'CMakeFiles/cmTC_df49f.dir/CMakeCCompilerABI.c.o' '-c' '-mtune=generic' '-march=x86-64'
Linking C executable cmTC_df49f
/usr/bin/cmake -E cmake_link_script CMakeFiles/cmTC_df49f.dir/link.txt --verbose=1
/usr/bin/cc     -v CMakeFiles/cmTC_df49f.dir/CMakeCCompilerABI.c.o  -o cmTC_df49f 
Using built-in specs.
COLLECT_GCC=/usr/bin/cc
COLLECT_LTO_WRAPPER=/usr/lib/gcc/x86_64-linux-gnu/9/lto-wrapper
OFFLOAD_TARGET_NAMES=nvptx-none:hsa
OFFLOAD_TARGET_DEFAULT=1
Target: x86_64-linux-gnu
Configured with: ../src/configure -v --with-pkgversion='Ubuntu 9.4.0-1ubuntu1~20.04.1' --with-bugurl=file:///usr/share/doc/gcc-9/README.Bugs --enable-languages=c,ada,c++,go,brig,d,fortran,objc,obj-c++,gm2 --prefix=/usr --with-gcc-major-version-only --program-suffix=-9 --program-prefix=x86_64-linux-gnu- --enable-shared --enable-linker-build-id --libexecdir=/usr/lib --without-included-gettext --enable-threads=posix --libdir=/usr/lib --enable-nls --enable-clocale=gnu --enable-libstdcxx-debug --enable-libstdcxx-time=yes --with-default-libstdcxx-abi=new --enable-gnu-unique-object --disable-vtable-verify --enable-plugin --enable-default-pie --with-system-zlib --with-target-system-zlib=auto --enable-objc-gc=auto --enable-multiarch --disable-werror --with-arch-32=i686 --with-abi=m64 --with-multilib-list=m32,m64,mx32 --enable-multilib --with-tune=generic --enable-offload-targets=nvptx-none=/build/gcc-9-Av3uEd/gcc-9-9.4.0/debian/tmp-nvptx/usr,hsa --without-cuda-driver --enable-checking=release --build=x86_64-linux-gnu --host=x86_64-linux-gnu --target=x86_64-linux-gnu
Thread model: posix
gcc version 9.4.0 (Ubuntu 9.4.0-1ubuntu1~20.04.1) 
COMPILER_PATH=/usr/lib/gcc/x86_64-linux-gnu/9/:/usr/lib/gcc/x86_64-linux-gnu/9/:/usr/lib/gcc/x86_64-linux-gnu/:/usr/lib/gcc/x86_64-linux-gnu/9/:/usr/lib/gcc/x86_64-linux-gnu/
LIBRARY_PATH=/usr/lib/gcc/x86_64-linux-gnu/9/:/usr/lib/gcc/x86_64-linux-gnu/9/../../../x86_64-linux-gnu/:/usr/lib/gcc/x86_64-linux-gnu/9/../../../../lib/:/lib/x86_64-linux-gnu/:/lib/../lib/:/usr/lib/x86_64-linux-gnu/:/usr/lib/../lib/:/usr/lib/gcc/x86_64-linux-gnu/9/../../../:/lib/:/usr/lib/
COLLECT_GCC_OPTIONS='-v' '-o' 'cmTC_df49f' '-mtune=generic' '-march=x86-64'
 /usr/lib/gcc/x86_64-linux-gnu/9/collect2 -plugin /usr/lib/gcc/x86_64-linux-gnu/9/liblto_plugin.so -plugin-opt=/usr/lib/gcc/x86_64-linux-gnu/9/lto-wrapper -plugin-opt=-fresolution=/tmp/cckrpozy.res -plugin-opt=-pass-through=-lgcc -plugin-opt=-pass-through=-lgcc_s -plugin-opt=-pass-through=-lc -plugin-opt=-pass-through=-lgcc -plugin-opt=-pass-through=-lgcc_s --build-id --eh-frame-hdr -m elf_x86_64 --hash-style=gnu --as-needed -dynamic-linker /lib64/ld-linux-x86-64.so.2 -pie -z now -z relro -o cmTC_df49f /usr/lib/gcc/x86_64-linux-gnu/9/../../../x86_64-linux-gnu/Scrt1.o /usr/lib/gcc/x86_64-linux-gnu/9/../../../x86_64-linux-gnu/crti.o /usr/lib/gcc/x86_64-linux-gnu/9/crtbeginS.o -L/usr/lib/gcc/x86_64-linux-gnu/9 -L/usr/lib/gcc/x86_64-linux-gnu/9/../../../x86_64-linux-gnu -L/usr/lib/gcc/x86_64-linux-gnu/9/../../../../lib -L/lib/x86_64-linux-gnu -L/lib/../lib -L/usr/lib/x86_64-linux-gnu -L/usr/lib/../lib -L/usr/lib/gcc/x86_64-linux-gnu/9/../../.. CMakeFiles/cmTC_df49f.dir/CMakeCCompilerABI.c.o -lgcc --push-state --as-needed -lgcc_s --pop-state -lc -lgcc --push-state --as-needed -lgcc_s --pop-state /usr/lib/gcc/x86_64-linux-gnu/9/crtendS.o /usr/lib/gcc/x86_64-linux-gnu/9/../../../x86_64-linux-gnu/crtn.o
COLLECT_GCC_OPTIONS='-v' '-o' 'cmTC_df49f' '-mtune=generic' '-march=x86-64'
make[1]: Leaving directory '/home/yoshi/source/MatrixLED-Controller/build/CMakeFiles/CMakeTmp'



Parsed C implicit include dir info from above output: rv=done
  found start of include info
  found start of implicit include info
    add: [/usr/lib/gcc/x86_64-linux-gnu/9/include]
    add: [/usr/local/include]
    add: [/usr/include/x86_64-linux-gnu]
    add: [/usr/include]
  end of search list found
  collapse include dir [/usr/lib/gcc/x86_64-linux-gnu/9/include] ==> [/usr/lib/gcc/x86_64-linux-gnu/9/include]
  collapse include dir [/usr/local/include] ==> [/usr/local/include]
  collapse include dir [/usr/include/x86_64-linux-gnu] ==> [/usr/include/x86_64-linux-gnu]
  collapse include dir [/usr/include] ==> [/usr/include]
  implicit include dirs: [/usr/lib/gcc/x86_64-linux-gnu/9/include;/usr/local/include;/usr/include/x86_64-linux-gnu;/usr/include]


Parsed C implicit link information from above output:
  link line regex: [^( *|.*[/\])(ld|CMAKE_LINK_STARTFILE-NOTFOUND|([^/\]+-)?ld|collect2)[^/\]*( |$)]
  ignore line: [Change Dir: /home/yoshi/source/MatrixLED-Controller/build/CMakeFiles/CMakeTmp]
  ignore line: []
  ignore line: [Run Build Command(s):/usr/bin/make cmTC_df49f/fast && /usr/bin/make -f CMakeFiles/cmTC_df49f.dir/build.make CMakeFiles/cmTC_df49f.dir/build]
  ignore line: [make[1]: Entering directory '/home/yoshi/source/MatrixLED-Controller/build/CMakeFiles/CMakeTmp']
  ignore line: [Building C object CMakeFiles/cmTC_df49f.dir/CMakeCCompilerABI.c.o]
  ignore line: [/usr/bin/cc   -v -o CMakeFiles/cmTC_df49f.dir/CMakeCCompilerABI.c.o   -c /usr/share/cmake-3.16/Modules/CMakeCCompilerABI.c]
  ignore line: [Using built-in specs.]
  ignore line: [COLLECT_GCC=/usr/bin/cc]
  ignore line: [OFFLOAD_TARGET_NAMES=nvptx-none:hsa]
  ignore line: [OFFLOAD_TARGET_DEFAULT=1]
  ignore line: [Target: x86_64-linux-gnu]
  ignore line: [Configured with: ../src/configure -v --with-pkgversion='Ubuntu 9.4.0-1ubuntu1~20.04.1' --with-bugurl=file:///usr/share/doc/gcc-9/README.Bugs --enable-languages=c ada c++ go brig d fortran objc obj-c++ gm2 --prefix=/usr --with-gcc-major-version-only --program-suffix=-9 --program-prefix=x86_64-linux-gnu- --enable-shared --enable-linker-build-id --libexecdir=/usr/lib --without-included-gettext --enable-threads=posix --libdir=/usr/lib --enable-nls --enable-clocale=gnu --enable-libstdcxx-debug --enable-libstdcxx-time=yes --with-default-libstdcxx-abi=new --enable-gnu-unique-object --disable-vtable-verify --enable-plugin --enable-default-pie --with-system-zlib --with-target-system-zlib=auto --enable-objc-gc=auto --enable-multiarch --disable-werror --with-arch-32=i686 --with-abi=m64 --with-multilib-list=m32 m64 mx32 --enable-multilib --with-tune=generic --enable-offload-targets=nvptx-none=/build/gcc-9-Av3uEd/gcc-9-9.4.0/debian/tmp-nvptx/usr hsa --without-cuda-driver --enable-checking=release --build=x86_64-linux-gnu --host=x86_64-linux-gnu --target=x86_64-linux-gnu]
  ignore line: [Thread model: posix]
  ignore line: [gcc version 9.4.0 (Ubuntu 9.4.0-1ubuntu1~20.04.1) ]
  ignore line: [COLLECT_GCC_OPTIONS='-v' '-o' 'CMakeFiles/cmTC_df49f.dir/CMakeCCompilerABI.c.o' '-c' '-mtune=generic' '-march=x86-64']
  ignore line: [ /usr/lib/gcc/x86_64-linux-gnu/9/cc1 -quiet -v -imultiarch x86_64-linux-gnu /usr/share/cmake-3.16/Modules/CMakeCCompilerABI.c -quiet -dumpbase CMakeCCompilerABI.c -mtune=generic -march=x86-64 -auxbase-strip CMakeFiles/cmTC_df49f.dir/CMakeCCompilerABI.c.o -version -fasynchronous-unwind-tables -fstack-protector-strong -Wformat -Wformat-security -fstack-clash-protection -fcf-protection -o /tmp/ccIxbgUB.s]
  ignore line: [GNU C17 (Ubuntu 9.4.0-1ubuntu1~20.04.1) version 9.4.0 (x86_64-linux-gnu)]
  ignore line: [	compiled by GNU C version 9.4.0  GMP version 6.2.0  MPFR version 4.0.2  MPC version 1.1.0  isl version isl-0.22.1-GMP]
  ignore line: []
  ignore line: [GGC heuristics: --param ggc-min-expand=100 --param ggc-min-heapsize=131072]
  ignore line: [ignoring nonexistent directory "/usr/local/include/x86_64-linux-gnu"]
  ignore line: [ignoring nonexistent directory "/usr/lib/gcc/x86_64-linux-gnu/9/include-fixed"]
  ignore line: [ignoring nonexistent directory "/usr/lib/gcc/x86_64-linux-gnu/9/../../../../x86_64-linux-gnu/include"]
  ignore line: [#include "..." search starts here:]
  ignore line: [#include <...> search starts here:]
  ignore line: [ /usr/lib/gcc/x86_64-linux-gnu/9/include]
  ignore line: [ /usr/local/include]
  ignore line: [ /usr/include/x86_64-linux-gnu]
  ignore line: [ /usr/include]
  ignore line: [End of search list.]
  ignore line: [GNU C17 (Ubuntu 9.4.0-1ubuntu1~20.04.1) version 9.4.0 (x86_64-linux-gnu)]
  ignore line: [	compiled by GNU C version 9.4.0  GMP version 6.2.0  MPFR version 4.0.2  MPC version 1.1.0  isl version isl-0.22.1-GMP]
  ignore line: []
  ignore line: [GGC heuristics: --param ggc-min-expand=100 --param ggc-min-heapsize=131072]
  ignore line: [Compiler executable checksum: c0c95c0b4209efec1c1892d5ff24030b]
  ignore line: [COLLECT_GCC_OPTIONS='-v' '-o' 'CMakeFiles/cmTC_df49f.dir/CMakeCCompilerABI.c.o' '-c' '-mtune=generic' '-march=x86-64']
  ignore line: [ as -v --64 -o CMakeFiles/cmTC_df49f.dir/CMakeCCompilerABI.c.o /tmp/ccIxbgUB.s]
  ignore line: [GNU assembler version 2.34 (x86_64-linux-gnu) using BFD version (GNU Binutils for Ubuntu) 2.34]
  ignore line: [COMPILER_PATH=/usr/lib/gcc/x86_64-linux-gnu/9/:/usr/lib/gcc/x86_64-linux-gnu/9/:/usr/lib/gcc/x86_64-linux-gnu/:/usr/lib/gcc/x86_64-linux-gnu/9/:/usr/lib/gcc/x86_64-linux-gnu/]
  ignore line: [LIBRARY_PATH=/usr/lib/gcc/x86_64-linux-gnu/9/:/usr/lib/gcc/x86_64-linux-gnu/9/../../../x86_64-linux-gnu/:/usr/lib/gcc/x86_64-linux-gnu/9/../../../../lib/:/lib/x86_64-linux-gnu/:/lib/../lib/:/usr/lib/x86_64-linux-gnu/:/usr/lib/../lib/:/usr/lib/gcc/x86_64-linux-gnu/9/../../../:/lib/:/usr/lib/]
  ignore line: [COLLECT_GCC_OPTIONS='-v' '-o' 'CMakeFiles/cmTC_df49f.dir/CMakeCCompilerABI.c.o' '-c' '-mtune=generic' '-march=x86-64']
  ignore line: [Linking C executable cmTC_df49f]
  ignore line: [/usr/bin/cmake -E cmake_link_script CMakeFiles/cmTC_df49f.dir/link.txt --verbose=1]
  ignore line: [/usr/bin/cc     -v CMakeFiles/cmTC_df49f.dir/CMakeCCompilerABI.c.o  -o cmTC_df49f ]
  ignore line: [Using built-in specs.]
  ignore line: [COLLECT_GCC=/usr/bin/cc]
  ignore line: [COLLECT_LTO_WRAPPER=/usr/lib/gcc/x86_64-linux-gnu/9/lto-wrapper]
  ignore line: [OFFLOAD_TARGET_NAMES=nvptx-none:hsa]
  ignore line: [OFFLOAD_TARGET_DEFAULT=1]
  ignore line: [Target: x86_64-linux-gnu]
  ignore line: [Configured with: ../src/configure -v --with-pkgversion='Ubuntu 9.4.0-1ubuntu1~20.04.1' --with-bugurl=file:///usr/share/doc/gcc-9/README.Bugs --enable-languages=c ada c++ go brig d fortran objc obj-c++ gm2 --prefix=/usr --with-gcc-major-version-only --program-suffix=-9 --program-prefix=x86_64-linux-gnu- --enable-shared --enable-linker-build-id --libexecdir=/usr/lib --without-included-gettext --enable-threads=posix --libdir=/usr/lib --enable-nls --enable-clocale=gnu --enable-libstdcxx-debug --enable-libstdcxx-time=yes --with-default-libstdcxx-abi=new --enable-gnu-unique-object --disable-vtable-verify --enable-plugin --enable-default-pie --with-system-zlib --with-target-system-zlib=auto --enable-objc-gc=auto --enable-multiarch --disable-werror --with-arch-32=i686 --with-abi=m64 --with-multilib-list=m32 m64 mx32 --enable-multilib --with-tune=generic --enable-offload-targets=nvptx-none=/build/gcc-9-Av3uEd/gcc-9-9.4.0/debian/tmp-nvptx/usr hsa --without-cuda-driver --enable-checking=release --build=x86_64-linux-gnu --host=x86_64-linux-gnu --target=x86_64-linux-gnu]
  ignore line: [Thread model: posix]
  ignore line: [gcc version 9.4.0 (Ubuntu 9.4.0-1ubuntu1~20.04.1) ]
  ignore line: [COMPILER_PATH=/usr/lib/gcc/x86_64-linux-gnu/9/:/usr/lib/gcc/x86_64-linux-gnu/9/:/usr/lib/gcc/x86_64-linux-gnu/:/usr/lib/gcc/x86_64-linux-gnu/9/:/usr/lib/gcc/x86_64-linux-gnu/]
  ignore line: [LIBRARY_PATH=/usr/lib/gcc/x86_64-linux-gnu/9/:/usr/lib/gcc/x86_64-linux-gnu/9/../../../x86_64-linux-gnu/:/usr/lib/gcc/x86_64-linux-gnu/9/../../../../lib/:/lib/x86_64-linux-gnu/:/lib/../lib/:/usr/lib/x86_64-linux-gnu/:/usr/lib/../lib/:/usr/lib/gcc/x86_64-linux-gnu/9/../../../:/lib/:/usr/lib/]
  ignore line: [COLLECT_GCC_OPTIONS='-v' '-o' 'cmTC_df49f' '-mtune=generic' '-march=x86-64']
  link line: [ /usr/lib/gcc/x86_64-linux-gnu/9/collect2 -plugin /usr/lib/gcc/x86_64-linux-gnu/9/liblto_plugin.so -plugin-opt=/usr/lib/gcc/x86_64-linux-gnu/9/lto-wrapper -plugin-opt=-fresolution=/tmp/cckrpozy.res -plugin-opt=-pass-through=-lgcc -plugin-opt=-pass-through=-lgcc_s -plugin-opt=-pass-through=-lc -plugin-opt=-pass-through=-lgcc -plugin-opt=-pass-through=-lgcc_s --build-id --eh-frame-hdr -m elf_x86_64 --hash-style=gnu --as-needed -dynamic-linker /lib64/ld-linux-x86-64.so.2 -pie -z now -z relro -o cmTC_df49f /usr/lib/gcc/x86_64-linux-gnu/9/../../../x86_64-linux-gnu/Scrt1.o /usr/lib/gcc/x86_64-linux-gnu/9/../../../x86_64-linux-gnu/crti.o /usr/lib/gcc/x86_64-linux-gnu/9/crtbeginS.o -L/usr/lib/gcc/x86_64-linux-gnu/9 -L/usr/lib/gcc/x86_64-linux-gnu/9/../../../x86_64-linux-gnu -L/usr/lib/gcc/x86_64-linux-gnu/9/../../../../lib -L/lib/x86_64-linux-gnu -L/lib/../lib -L/usr/lib/x86_64-linux-gnu -L/usr/lib/../lib -L/usr/lib/gcc/x86_64-linux-gnu/9/../../.. CMakeFiles/cmTC_df49f.dir/CMakeCCompilerABI.c.o -lgcc --push-state --as-needed -lgcc_s --pop-state -lc -lgcc --push-state --as-needed -lgcc_s --pop-state /usr/lib/gcc/x86_64-linux-gnu/9/crtendS.o /usr/lib/gcc/x86_64-linux-gnu/9/../../../x86_64-linux-gnu/crtn.o]
    arg [/usr/lib/gcc/x86_64-linux-gnu/9/collect2] ==> ignore
    arg [-plugin] ==> ignore
    arg [/usr/lib/gcc/x86_64-linux-gnu/9/liblto_plugin.so] ==> ignore
    arg [-plugin-opt=/usr/lib/gcc/x86_64-linux-gnu/9/lto-wrapper] ==> ignore
    arg [-plugin-opt=-fresolution=/tmp/cckrpozy.res] ==> ignore
    arg [-plugin-opt=-pass-through=-lgcc] ==> ignore
    arg [-plugin-opt=-pass-through=-lgcc_s] ==> ignore
    arg [-plugin-opt=-pass-through=-lc] ==> ignore
    arg [-plugin-opt=-pass-through=-lgcc] ==> ignore
    arg [-plugin-opt=-pass-through=-lgcc_s] ==> ignore
    arg [--build-id] ==> ignore
    arg [--eh-frame-hdr] ==> ignore
    arg [-m] ==> ignore
    arg [elf_x86_64] ==> ignore
    arg [--hash-style=gnu] ==> ignore
    arg [--as-needed] ==> ignore
    arg [-dynamic-linker] ==> ignore
    arg [/lib64/ld-linux-x86-64.so.2] ==> ignore
    arg [-pie] ==> ignore
    arg [-znow] ==> ignore
    arg [-zrelro] ==> ignore
    arg [-o] ==> ignore
    arg [cmTC_df49f] ==> ignore
    arg [/usr/lib/gcc/x86_64-linux-gnu/9/../../../x86_64-linux-gnu/Scrt1.o] ==> ignore
    arg [/usr/lib/gcc/x86_64-linux-gnu/9/../../../x86_64-linux-gnu/crti.o] ==> ignore
    arg [/usr/lib/gcc/x86_64-linux-gnu/9/crtbeginS.o] ==> ignore
    arg [-L/usr/lib/gcc/x86_64-linux-gnu/9] ==> dir [/usr/lib/gcc/x86_64-linux-gnu/9]
    arg [-L/usr/lib/gcc/x86_64-linux-gnu/9/../../../x86_64-linux-gnu] ==> dir [/usr/lib/gcc/x86_64-linux-gnu/9/../../../x86_64-linux-gnu]
    arg [-L/usr/lib/gcc/x86_64-linux-gnu/9/../../../../lib] ==> dir [/usr/lib/gcc/x86_64-linux-gnu/9/../../../../lib]
    arg [-L/lib/x86_64-linux-gnu] ==> dir [/lib/x86_64-linux-gnu]
    arg [-L/lib/../lib] ==> dir [/lib/../lib]
    arg [-L/usr/lib/x86_64-linux-gnu] ==> dir [/usr/lib/x86_64-linux-gnu]
    arg [-L/usr/lib/../lib] ==> dir [/usr/lib/../lib]
    arg [-L/usr/lib/gcc/x86_64-linux-gnu/9/../../..] ==> dir [/usr/lib/gcc/x86_64-linux-gnu/9/../../..]
    arg [CMakeFiles/cmTC_df49f.dir/CMakeCCompilerABI.c.o] ==> ignore
    arg [-lgcc] ==> lib [gcc]
    arg [--push-state] ==> ignore
    arg [--as-needed] ==> ignore
    arg [-lgcc_s] ==> lib [gcc_s]
    arg [--pop-state] ==> ignore
    arg [-lc] ==> lib [c]
    arg [-lgcc] ==> lib [gcc]
    arg [--push-state] ==> ignore
    arg [--as-needed] ==> ignore
    arg [-lgcc_s] ==> lib [gcc_s]
    arg [--pop-state] ==> ignore
    arg [/usr/lib/gcc/x86_64-linux-gnu/9/crtendS.o] ==> ignore
    arg [/usr/lib/gcc/x86_64-linux-gnu/9/../../../x86_64-linux-gnu/crtn.o] ==> ignore
  collapse library dir [/usr/lib/gcc/x86_64-linux-gnu/9] ==> [/usr/lib/gcc/x86_64-linux-gnu/9]
  collapse library dir [/usr/lib/gcc/x86_64-linux-gnu/9/../../../x86_64-linux-gnu] ==> [/usr/lib/x86_64-linux-gnu]
  collapse library dir [/usr/lib/gcc/x86_64-linux-gnu/9/../../../../lib] ==> [/usr/lib]
  collapse library dir [/lib/x86_64-linux-gnu] ==> [/lib/x86_64-linux-gnu]
  collapse library dir [/lib/../lib] ==> [/lib]
  collapse library dir [/usr/lib/x86_64-linux-gnu] ==> [/usr/lib/x86_64-linux-gnu]
  collapse library dir [/usr/lib/../lib] ==> [/usr/lib]
  collapse library dir [/usr/lib/gcc/x86_64-linux-gnu/9/../../..] ==> [/usr/lib]
  implicit libs: [gcc;gcc_s;c;gcc;gcc_s]
  implicit dirs: [/usr/lib/gcc/x86_64-linux-gnu/9;/usr/lib/x86_64-linux-gnu;/usr/lib;/lib/x86_64-linux-gnu;/lib]
  implicit fwks: []


Determining if the CXX compiler works passed with the following output:
Change Dir: /home/yoshi/source/MatrixLED-Controller/build/CMakeFiles/CMakeTmp

Run Build Command(s):/usr/bin/make cmTC_810a6/fast && /usr/bin/make -f CMakeFiles/cmTC_810a6.dir/build.make CMakeFiles/cmTC_810a6.dir/build
make[1]: Entering directory '/home/yoshi/source/MatrixLED-Controller/build/CMakeFiles/CMakeTmp'
Building CXX object CMakeFiles/cmTC_810a6.dir/testCXXCompiler.cxx.o
/usr/bin/c++     -o CMakeFiles/cmTC_810a6.dir/testCXXCompiler.cxx.o -c /home/yoshi/source/MatrixLED-Controller/build/CMakeFiles/CMakeTmp/testCXXCompiler.cxx
Linking CXX executable cmTC_810a6
/usr/bin/cmake -E cmake_link_script CMakeFiles/cmTC_810a6.dir/link.txt --verbose=1
/usr/bin/c++       CMakeFiles/cmTC_810a6.dir/testCXXCompiler.cxx.o  -o cmTC_810a6 
make[1]: Leaving directory '/home/yoshi/source/MatrixLED-Controller/build/CMakeFiles/CMakeTmp'



Detecting CXX compiler ABI info compiled with the following output:
Change Dir: /home/yoshi/source/MatrixLED-Controller/build/CMakeFiles/CMakeTmp

Run Build Command(s):/usr/bin/make cmTC_9007f/fast && /usr/bin/make -f CMakeFiles/cmTC_9007f.dir/build.make CMakeFiles/cmTC_9007f.dir/build
make[1]: Entering directory '/home/yoshi/source/MatrixLED-Controller/build/CMakeFiles/CMakeTmp'
Building CXX object CMakeFiles/cmTC_9007f.dir/CMakeCXXCompilerABI.cpp.o
/usr/bin/c++    -v -o CMakeFiles/cmTC_9007f.dir/CMakeCXXCompilerABI.cpp.o -c /usr/share/cmake-3.16/Modules/CMakeCXXCompilerABI.cpp
Using built-in specs.
COLLECT_GCC=/usr/bin/c++
OFFLOAD_TARGET_NAMES=nvptx-none:hsa
OFFLOAD_TARGET_DEFAULT=1
Target: x86_64-linux-gnu
Configured with: ../src/configure -v --with-pkgversion='Ubuntu 9.4.0-1ubuntu1~20.04.1' --with-bugurl=file:///usr/share/doc/gcc-9/README.Bugs --enable-languages=c,ada,c++,go,brig,d,fortran,objc,obj-c++,gm2 --prefix=/usr --with-gcc-major-version-only --program-suffix=-9 --program-prefix=x86_64-linux-gnu- --enable-shared --enable-linker-build-id --libexecdir=/usr/lib --without-included-gettext --enable-threads=posix --libdir=/usr/lib --enable-nls --enable-clocale=gnu --enable-libstdcxx-debug --enable-libstdcxx-time=yes --with-default-libstdcxx-abi=new --enable-gnu-unique-object --disable-vtable-verify --enable-plugin --enable-default-pie --with-system-zlib --with-target-system-zlib=auto --enable-objc-gc=auto --enable-multiarch --disable-werror --with-arch-32=i686 --with-abi=m64 --with-multilib-list=m32,m64,mx32 --enable-multilib --with-tune=generic --enable-offload-targets=nvptx-none=/build/gcc-9-Av3uEd/gcc-9-9.4.0/debian/tmp-nvptx/usr,hsa --without-cuda-driver --enable-checking=release --build=x86_64-linux-gnu --host=x86_64-linux-gnu --target=x86_64-linux-gnu
Thread model: posix
gcc version 9.4.0 (Ubuntu 9.4.0-1ubuntu1~20.04.1) 
COLLECT_GCC_OPTIONS='-v' '-o' 'CMakeFiles/cmTC_9007f.dir/CMakeCXXCompilerABI.cpp.o' '-c' '-shared-libgcc' '-mtune=generic' '-march=x86-64'
 /usr/lib/gcc/x86_64-linux-gnu/9/cc1plus -quiet -v -imultiarch x86_64-linux-gnu -D_GNU_SOURCE /usr/share/cmake-3.16/Modules/CMakeCXXCompilerABI.cpp -quiet -dumpbase CMakeCXXCompilerABI.cpp -mtune=generic -march=x86-64 -auxbase-strip CMakeFiles/cmTC_9007f.dir/CMakeCXXCompilerABI.cpp.o -version -fasynchronous-unwind-tables -fstack-protector-strong -Wformat -Wformat-security -fstack-clash-protection -fcf-protection -o /tmp/cc23OgfS.s
GNU C++14 (Ubuntu 9.4.0-1ubuntu1~20.04.1) version 9.4.0 (x86_64-linux-gnu)
	compiled by GNU C version 9.4.0, GMP version 6.2.0, MPFR version 4.0.2, MPC version 1.1.0, isl version isl-0.22.1-GMP

GGC heuristics: --param ggc-min-expand=100 --param ggc-min-heapsize=131072
ignoring duplicate directory "/usr/include/x86_64-linux-gnu/c++/9"
ignoring nonexistent directory "/usr/local/include/x86_64-linux-gnu"
ignoring nonexistent directory "/usr/lib/gcc/x86_64-linux-gnu/9/include-fixed"
ignoring nonexistent directory "/usr/lib/gcc/x86_64-linux-gnu/9/../../../../x86_64-linux-gnu/include"
#include "..." search starts here:
#include <...> search starts here:
 /usr/include/c++/9
 /usr/include/x86_64-linux-gnu/c++/9
 /usr/include/c++/9/backward
 /usr/lib/gcc/x86_64-linux-gnu/9/include
 /usr/local/include
 /usr/include/x86_64-linux-gnu
 /usr/include
End of search list.
GNU C++14 (Ubuntu 9.4.0-1ubuntu1~20.04.1) version 9.4.0 (x86_64-linux-gnu)
	compiled by GNU C version 9.4.0, GMP version 6.2.0, MPFR version 4.0.2, MPC version 1.1.0, isl version isl-0.22.1-GMP

GGC heuristics: --param ggc-min-expand=100 --param ggc-min-heapsize=131072
Compiler executable checksum: 65fe925b83d3956b533de4aaba7dace0
COLLECT_GCC_OPTIONS='-v' '-o' 'CMakeFiles/cmTC_9007f.dir/CMakeCXXCompilerABI.cpp.o' '-c' '-shared-libgcc' '-mtune=generic' '-march=x86-64'
 as -v --64 -o CMakeFiles/cmTC_9007f.dir/CMakeCXXCompilerABI.cpp.o /tmp/cc23OgfS.s
GNU assembler version 2.34 (x86_64-linux-gnu) using BFD version (GNU Binutils for Ubuntu) 2.34
COMPILER_PATH=/usr/lib/gcc/x86_64-linux-gnu/9/:/usr/lib/gcc/x86_64-linux-gnu/9/:/usr/lib/gcc/x86_64-linux-gnu/:/usr/lib/gcc/x86_64-linux-gnu/9/:/usr/lib/gcc/x86_64-linux-gnu/
LIBRARY_PATH=/usr/lib/gcc/x86_64-linux-gnu/9/:/usr/lib/gcc/x86_64-linux-gnu/9/../../../x86_64-linux-gnu/:/usr/lib/gcc/x86_64-linux-gnu/9/../../../../lib/:/lib/x86_64-linux-gnu/:/lib/../lib/:/usr/lib/x86_64-linux-gnu/:/usr/lib/../lib/:/usr/lib/gcc/x86_64-linux-gnu/9/../../../:/lib/:/usr/lib/
COLLECT_GCC_OPTIONS='-v' '-o' 'CMakeFiles/cmTC_9007f.dir/CMakeCXXCompilerABI.cpp.o' '-c' '-shared-libgcc' '-mtune=generic' '-march=x86-64'
Linking CXX executable cmTC_9007f
/usr/bin/cmake -E cmake_link_script CMakeFiles/cmTC_9007f.dir/link.txt --verbose=1
/usr/bin/c++      -v CMakeFiles/cmTC_9007f.dir/CMakeCXXCompilerABI.cpp.o  -o cmTC_9007f 
Using built-in specs.
COLLECT_GCC=/usr/bin/c++
COLLECT_LTO_WRAPPER=/usr/lib/gcc/x86_64-linux-gnu/9/lto-wrapper
OFFLOAD_TARGET_NAMES=nvptx-none:hsa
OFFLOAD_TARGET_DEFAULT=1
Target: x86_64-linux-gnu
Configured with: ../src/configure -v --with-pkgversion='Ubuntu 9.4.0-1ubuntu1~20.04.1' --with-bugurl=file:///usr/share/doc/gcc-9/README.Bugs --enable-languages=c,ada,c++,go,brig,d,fortran,objc,obj-c++,gm2 --prefix=/usr --with-gcc-major-version-only --program-suffix=-9 --program-prefix=x86_64-linux-gnu- --enable-shared --enable-linker-build-id --libexecdir=/usr/lib --without-included-gettext --enable-threads=posix --libdir=/usr/lib --enable-nls --enable-clocale=gnu --enable-libstdcxx-debug --enable-libstdcxx-time=yes --with-default-libstdcxx-abi=new --enable-gnu-unique-object --disable-vtable-verify --enable-plugin --enable-default-pie --with-system-zlib --with-target-system-zlib=auto --enable-objc-gc=auto --enable-multiarch --disable-werror --with-arch-32=i686 --with-abi=m64 --with-multilib-list=m32,m64,mx32 --enable-multilib --with-tune=generic --enable-offload-targets=nvptx-none=/build/gcc-9-Av3uEd/gcc-9-9.4.0/debian/tmp-nvptx/usr,hsa --without-cuda-driver --enable-checking=release --build=x86_64-linux-gnu --host=x86_64-linux-gnu --target=x86_64-linux-gnu
Thread model: posix
gcc version 9.4.0 (Ubuntu 9.4.0-1ubuntu1~20.04.1) 
COMPILER_PATH=/usr/lib/gcc/x86_64-linux-gnu/9/:/usr/lib/gcc/x86_64-linux-gnu/9/:/usr/lib/gcc/x86_64-linux-gnu/:/usr/lib/gcc/x86_64-linux-gnu/9/:/usr/lib/gcc/x86_64-linux-gnu/
LIBRARY_PATH=/usr/lib/gcc/x86_64-linux-gnu/9/:/usr/lib/gcc/x86_64-linux-gnu/9/../../../x86_64-linux-gnu/:/usr/lib/gcc/x86_64-linux-gnu/9/../../../../lib/:/lib/x86_64-linux-gnu/:/lib/../lib/:/usr/lib/x86_64-linux-gnu/:/usr/lib/../lib/:/usr/lib/gcc/x86_64-linux-gnu/9/../../../:/lib/:/usr/lib/
COLLECT_GCC_OPTIONS='-v' '-o' 'cmTC_9007f' '-shared-libgcc' '-mtune=generic' '-march=x86-64'
 /usr/lib/gcc/x86_64-linux-gnu/9/collect2 -plugin /usr/lib/gcc/x86_64-linux-gnu/9/liblto_plugin.so -plugin-opt=/usr/lib/gcc/x86_64-linux-gnu/9/lto-wrapper -plugin-opt=-fresolution=/tmp/cc1YztPM.res -plugin-opt=-pass-through=-lgcc_s -plugin-opt=-pass-through=-lgcc -plugin-opt=-pass-through=-lc -plugin-opt=-pass-through=-lgcc_s -plugin-opt=-pass-through=-lgcc --build-id --eh-frame-hdr -m elf_x86_64 --hash-style=gnu --as-needed -dynamic-linker /lib64/ld-linux-x86-64.so.2 -pie -z now -z relro -o cmTC_9007f /usr/lib/gcc/x86_64-linux-gnu/9/../../../x86_64-linux-gnu/Scrt1.o /usr/lib/gcc/x86_64-linux-gnu/9/../../../x86_64-linux-gnu/crti.o /usr/lib/gcc/x86_64-linux-gnu/9/crtbeginS.o -L/usr/lib/gcc/x86_64-linux-gnu/9 -L/usr/lib/gcc/x86_64-linux-gnu/9/../../../x86_64-linux-gnu -L/usr/lib/gcc/x86_64-linux-gnu/9/../../../../lib -L/lib/x86_64-linux-gnu -L/lib/../lib -L/usr/lib/x86_64-linux-gnu -L/usr/lib/../lib -L/usr/lib/gcc/x86_64-linux-gnu/9/../../.. CMakeFiles/cmTC_9007f.dir/CMakeCXXCompilerABI.cpp.o -lstdc++ -lm -lgcc_s -lgcc -lc -lgcc_s -lgcc /usr/lib/gcc/x86_64-linux-gnu/9/crtendS.o /usr/lib/gcc/x86_64-linux-gnu/9/../../../x86_64-linux-gnu/crtn.o
COLLECT_GCC_OPTIONS='-v' '-o' 'cmTC_9007f' '-shared-libgcc' '-mtune=generic' '-march=x86-64'
make[1]: Leaving directory '/home/yoshi/source/MatrixLED-Controller/build/CMakeFiles/CMakeTmp'



Parsed CXX implicit include dir info from above output: rv=done
  found start of include info
  found start of implicit include info
    add: [/usr/include/c++/9]
    add: [/usr/include/x86_64-linux-gnu/c++/9]
    add: [/usr/include/c++/9/backward]
    add: [/usr/lib/gcc/x86_64-linux-gnu/9/include]
    add: [/usr/local/include]
    add: [/usr/include/x86_64-linux-gnu]
    add: [/usr/include]
  end of search list found
  collapse include dir [/usr/include/c++/9] ==> [/usr/include/c++/9]
  collapse include dir [/usr/include/x86_64-linux-gnu/c++/9] ==> [/usr/include/x86_64-linux-gnu/c++/9]
  collapse include dir [/usr/include/c++/9/backward] ==> [/usr/include/c++/9/backward]
  collapse include dir [/usr/lib/gcc/x86_64-linux-gnu/9/include] ==> [/usr/lib/gcc/x86_64-linux-gnu/9/include]
  collapse include dir [/usr/local/include] ==> [/usr/local/include]
  collapse include dir [/usr/include/x86_64-linux-gnu] ==> [/usr/include/x86_64-linux-gnu]
  collapse include dir [/usr/include] ==> [/usr/include]
  implicit include dirs: [/usr/include/c++/9;/usr/include/x86_64-linux-gnu/c++/9;/usr/include/c++/9/backward;/usr/lib/gcc/x86_64-linux-gnu/9/include;/usr/local/include;/usr/include/x86_64-linux-gnu;/usr/include]


Parsed CXX implicit link information from above output:
  link line regex: [^( *|.*[/\])(ld|CMAKE_LINK_STARTFILE-NOTFOUND|([^/\]+-)?ld|collect2)[^/\]*( |$)]
  ignore line: [Change Dir: /home/yoshi/source/MatrixLED-Controller/build/CMakeFiles/CMakeTmp]
  ignore line: []
  ignore line: [Run Build Command(s):/usr/bin/make cmTC_9007f/fast && /usr/bin/make -f CMakeFiles/cmTC_9007f.dir/build.make CMakeFiles/cmTC_9007f.dir/build]
  ignore line: [make[1]: Entering directory '/home/yoshi/source/MatrixLED-Controller/build/CMakeFiles/CMakeTmp']
  ignore line: [Building CXX object CMakeFiles/cmTC_9007f.dir/CMakeCXXCompilerABI.cpp.o]
  ignore line: [/usr/bin/c++    -v -o CMakeFiles/cmTC_9007f.dir/CMakeCXXCompilerABI.cpp.o -c /usr/share/cmake-3.16/Modules/CMakeCXXCompilerABI.cpp]
  ignore line: [Using built-in specs.]
  ignore line: [COLLECT_GCC=/usr/bin/c++]
  ignore line: [OFFLOAD_TARGET_NAMES=nvptx-none:hsa]
  ignore line: [OFFLOAD_TARGET_DEFAULT=1]
  ignore line: [Target: x86_64-linux-gnu]
  ignore line: [Configured with: ../src/configure -v --with-pkgversion='Ubuntu 9.4.0-1ubuntu1~20.04.1' --with-bugurl=file:///usr/share/doc/gcc-9/README.Bugs --enable-languages=c ada c++ go brig d fortran objc obj-c++ gm2 --prefix=/usr --with-gcc-major-version-only --program-suffix=-9 --program-prefix=x86_64-linux-gnu- --enable-shared --enable-linker-build-id --libexecdir=/usr/lib --without-included-gettext --enable-threads=posix --libdir=/usr/lib --enable-nls --enable-clocale=gnu --enable-libstdcxx-debug --enable-libstdcxx-time=yes --with-default-libstdcxx-abi=new --enable-gnu-unique-object --disable-vtable-verify --enable-plugin --enable-default-pie --with-system-zlib --with-target-system-zlib=auto --enable-objc-gc=auto --enable-multiarch --disable-werror --with-arch-32=i686 --with-abi=m64 --with-multilib-list=m32 m64 mx32 --enable-multilib --with-tune=generic --enable-offload-targets=nvptx-none=/build/gcc-9-Av3uEd/gcc-9-9.4.0/debian/tmp-nvptx/usr hsa --without-cuda-driver --enable-checking=release --build=x86_64-linux-gnu --host=x86_64-linux-gnu --target=x86_64-linux-gnu]
  ignore line: [Thread model: posix]
  ignore line: [gcc version 9.4.0 (Ubuntu 9.4.0-1ubuntu1~20.04.1) ]
  ignore line: [COLLECT_GCC_OPTIONS='-v' '-o' 'CMakeFiles/cmTC_9007f.dir/CMakeCXXCompilerABI.cpp.o' '-c' '-shared-libgcc' '-mtune=generic' '-march=x86-64']
  ignore line: [ /usr/lib/gcc/x86_64-linux-gnu/9/cc1plus -quiet -v -imultiarch x86_64-linux-gnu -D_GNU_SOURCE /usr/share/cmake-3.16/Modules/CMakeCXXCompilerABI.cpp -quiet -dumpbase CMakeCXXCompilerABI.cpp -mtune=generic -march=x86-64 -auxbase-strip CMakeFiles/cmTC_9007f.dir/CMakeCXXCompilerABI.cpp.o -version -fasynchronous-unwind-tables -fstack-protector-strong -Wformat -Wformat-security -fstack-clash-protection -fcf-protection -o /tmp/cc23OgfS.s]
  ignore line: [GNU C++14 (Ubuntu 9.4.0-1ubuntu1~20.04.1) version 9.4.0 (x86_64-linux-gnu)]
  ignore line: [	compiled by GNU C version 9.4.0  GMP version 6.2.0  MPFR version 4.0.2  MPC version 1.1.0  isl version isl-0.22.1-GMP]
  ignore line: []
  ignore line: [GGC heuristics: --param ggc-min-expand=100 --param ggc-min-heapsize=131072]
  ignore line: [ignoring duplicate directory "/usr/include/x86_64-linux-gnu/c++/9"]
  ignore line: [ignoring nonexistent directory "/usr/local/include/x86_64-linux-gnu"]
  ignore line: [ignoring nonexistent directory "/usr/lib/gcc/x86_64-linux-gnu/9/include-fixed"]
  ignore line: [ignoring nonexistent directory "/usr/lib/gcc/x86_64-linux-gnu/9/../../../../x86_64-linux-gnu/include"]
  ignore line: [#include "..." search starts here:]
  ignore line: [#include <...> search starts here:]
  ignore line: [ /usr/include/c++/9]
  ignore line: [ /usr/include/x86_64-linux-gnu/c++/9]
  ignore line: [ /usr/include/c++/9/backward]
  ignore line: [ /usr/lib/gcc/x86_64-linux-gnu/9/include]
  ignore line: [ /usr/local/include]
  ignore line: [ /usr/include/x86_64-linux-gnu]
  ignore line: [ /usr/include]
  ignore line: [End of search list.]
  ignore line: [GNU C++14 (Ubuntu 9.4.0-1ubuntu1~20.04.1) version 9.4.0 (x86_64-linux-gnu)]
  ignore line: [	compiled by GNU C version 9.4.0  GMP version 6.2.0  MPFR version 4.0.2  MPC version 1.1.0  isl version isl-0.22.1-GMP]
  ignore line: []
  ignore line: [GGC heuristics: --param ggc-min-expand=100 --param ggc-min-heapsize=131072]
  ignore line: [Compiler executable checksum: 65fe925b83d3956b533de4aaba7dace0]
  ignore line: [COLLECT_GCC_OPTIONS='-v' '-o' 'CMakeFiles/cmTC_9007f.dir/CMakeCXXCompilerABI.cpp.o' '-c' '-shared-libgcc' '-mtune=generic' '-march=x86-64']
  ignore line: [ as -v --64 -o CMakeFiles/cmTC_9007f.dir/CMakeCXXCompilerABI.cpp.o /tmp/cc23OgfS.s]
  ignore line: [GNU assembler version 2.34 (x86_64-linux-gnu) using BFD version (GNU Binutils for Ubuntu) 2.34]
  ignore line: [COMPILER_PATH=/usr/lib/gcc/x86_64-linux-gnu/9/:/usr/lib/gcc/x86_64-linux-gnu/9/:/usr/lib/gcc/x86_64-linux-gnu/:/usr/lib/gcc/x86_64-linux-gnu/9/:/usr/lib/gcc/x86_64-linux-gnu/]
  ignore line: [LIBRARY_PATH=/usr/lib/gcc/x86_64-linux-gnu/9/:/usr/lib/gcc/x86_64-linux-gnu/9/../../../x86_64-linux-gnu/:/usr/lib/gcc/x86_64-linux-gnu/9/../../../../lib/:/lib/x86_64-linux-gnu/:/lib/../lib/:/usr/lib/x86_64-linux-gnu/:/usr/lib/../lib/:/usr/lib/gcc/x86_64-linux-gnu/9/../../../:/lib/:/usr/lib/]
  ignore line: [COLLECT_GCC_OPTIONS='-v' '-o' 'CMakeFiles/cmTC_9007f.dir/CMakeCXXCompilerABI.cpp.o' '-c' '-shared-libgcc' '-mtune=generic' '-march=x86-64']
  ignore line: [Linking CXX executable cmTC_9007f]
  ignore line: [/usr/bin/cmake -E cmake_link_script CMakeFiles/cmTC_9007f.dir/link.txt --verbose=1]
  ignore line: [/usr/bin/c++      -v CMakeFiles/cmTC_9007f.dir/CMakeCXXCompilerABI.cpp.o  -o cmTC_9007f ]
  ignore line: [Using built-in specs.]
  ignore line: [COLLECT_GCC=/usr/bin/c++]
  ignore line: [COLLECT_LTO_WRAPPER=/usr/lib/gcc/x86_64-linux-gnu/9/lto-wrapper]
  ignore line: [OFFLOAD_TARGET_NAMES=nvptx-none:hsa]
  ignore line: [OFFLOAD_TARGET_DEFAULT=1]
  ignore line: [Target: x86_64-linux-gnu]
  ignore line: [Configured with: ../src/configure -v --with-pkgversion='Ubuntu 9.4.0-1ubuntu1~20.04.1' --with-bugurl=file:///usr/share/doc/gcc-9/README.Bugs --enable-languages=c ada c++ go brig d fortran objc obj-c++ gm2 --prefix=/usr --with-gcc-major-version-only --program-suffix=-9 --program-prefix=x86_64-linux-gnu- --enable-shared --enable-linker-build-id --libexecdir=/usr/lib --without-included-gettext --enable-threads=posix --libdir=/usr/lib --enable-nls --enable-clocale=gnu --enable-libstdcxx-debug --enable-libstdcxx-time=yes --with-default-libstdcxx-abi=new --enable-gnu-unique-object --disable-vtable-verify --enable-plugin --enable-default-pie --with-system-zlib --with-target-system-zlib=auto --enable-objc-gc=auto --enable-multiarch --disable-werror --with-arch-32=i686 --with-abi=m64 --with-multilib-list=m32 m64 mx32 --enable-multilib --with-tune=generic --enable-offload-targets=nvptx-none=/build/gcc-9-Av3uEd/gcc-9-9.4.0/debian/tmp-nvptx/usr hsa --without-cuda-driver --enable-checking=release --build=x86_64-linux-gnu --host=x86_64-linux-gnu --target=x86_64-linux-gnu]
  ignore line: [Thread model: posix]
  ignore line: [gcc version 9.4.0 (Ubuntu 9.4.0-1ubuntu1~20.04.1) ]
  ignore line: [COMPILER_PATH=/usr/lib/gcc/x86_64-linux-gnu/9/:/usr/lib/gcc/x86_64-linux-gnu/9/:/usr/lib/gcc/x86_64-linux-gnu/:/usr/lib/gcc/x86_64-linux-gnu/9/:/usr/lib/gcc/x86_64-linux-gnu/]
  ignore line: [LIBRARY_PATH=/usr/lib/gcc/x86_64-linux-gnu/9/:/usr/lib/gcc/x86_64-linux-gnu/9/../../../x86_64-linux-gnu/:/usr/lib/gcc/x86_64-linux-gnu/9/../../../../lib/:/lib/x86_64-linux-gnu/:/lib/../lib/:/usr/lib/x86_64-linux-gnu/:/usr/lib/../lib/:/usr/lib/gcc/x86_64-linux-gnu/9/../../../:/lib/:/usr/lib/]
  ignore line: [COLLECT_GCC_OPTIONS='-v' '-o' 'cmTC_9007f' '-shared-libgcc' '-mtune=generic' '-march=x86-64']
  link line: [ /usr/lib/gcc/x86_64-linux-gnu/9/collect2 -plugin /usr/lib/gcc/x86_64-linux-gnu/9/liblto_plugin.so -plugin-opt=/usr/lib/gcc/x86_64-linux-gnu/9/lto-wrapper -plugin-opt=-fresolution=/tmp/cc1YztPM.res -plugin-opt=-pass-through=-lgcc_s -plugin-opt=-pass-through=-lgcc -plugin-opt=-pass-through=-lc -plugin-opt=-pass-through=-lgcc_s -plugin-opt=-pass-through=-lgcc --build-id --eh-frame-hdr -m elf_x86_64 --hash-style=gnu --as-needed -dynamic-linker /lib64/ld-linux-x86-64.so.2 -pie -z now -z relro -o cmTC_9007f /usr/lib/gcc/x86_64-linux-gnu/9/../../../x86_64-linux-gnu/Scrt1.o /usr/lib/gcc/x86_64-linux-gnu/9/../../../x86_64-linux-gnu/crti.o /usr/lib/gcc/x86_64-linux-gnu/9/crtbeginS.o -L/usr/lib/gcc/x86_64-linux-gnu/9 -L/usr/lib/gcc/x86_64-linux-gnu/9/../../../x86_64-linux-gnu -L/usr/lib/gcc/x86_64-linux-gnu/9/../../../../lib -L/lib/x86_64-linux-gnu -L/lib/../lib -L/usr/lib/x86_64-linux-gnu -L/usr/lib/../lib -L/usr/lib/gcc/x86_64-linux-gnu/9/../../.. CMakeFiles/cmTC_9007f.dir/CMakeCXXCompilerABI.cpp.o -lstdc++ -lm -lgcc_s -lgcc -lc -lgcc_s -lgcc /usr/lib/gcc/x86_64-linux-gnu/9/crtendS.o /usr/lib/gcc/x86_64-linux-gnu/9/../../../x86_64-linux-gnu/crtn.o]
    arg [/usr/lib/gcc/x86_64-linux-gnu/9/collect2] ==> ignore
    arg [-plugin] ==> ignore
    arg [/usr/lib/gcc/x86_64-linux-gnu/9/liblto_plugin.so] ==> ignore
    arg [-plugin-opt=/usr/lib/gcc/x86_64-linux-gnu/9/lto-wrapper] ==> ignore
    arg [-plugin-opt=-fresolution=/tmp/cc1YztPM.res] ==> ignore
    arg [-plugin-opt=-pass-through=-lgcc_s] ==> ignore
    arg [-plugin-opt=-pass-through=-lgcc] ==> ignore
    arg [-plugin-opt=-pass-through=-lc] ==> ignore
    arg [-plugin-opt=-pass-through=-lgcc_s] ==> ignore
    arg [-plugin-opt=-pass-through=-lgcc] ==> ignore
    arg [--build-id] ==> ignore
    arg [--eh-frame-hdr] ==> ignore
    arg [-m] ==> ignore
    arg [elf_x86_64] ==> ignore
    arg [--hash-style=gnu] ==> ignore
    arg [--as-needed] ==> ignore
    arg [-dynamic-linker] ==> ignore
    arg [/lib64/ld-linux-x86-64.so.2] ==> ignore
    arg [-pie] ==> ignore
    arg [-znow] ==> ignore
    arg [-zrelro] ==> ignore
    arg [-o] ==> ignore
    arg [cmTC_9007f] ==> ignore
    arg [/usr/lib/gcc/x86_64-linux-gnu/9/../../../x86_64-linux-gnu/Scrt1.o] ==> ignore
    arg [/usr/lib/gcc/x86_64-linux-gnu/9/../../../x86_64-linux-gnu/crti.o] ==> ignore
    arg [/usr/lib/gcc/x86_64-linux-gnu/9/crtbeginS.o] ==> ignore
    arg [-L/usr/lib/gcc/x86_64-linux-gnu/9] ==> dir [/usr/lib/gcc/x86_64-linux-gnu/9]
    arg [-L/usr/lib/gcc/x86_64-linux-gnu/9/../../../x86_64-linux-gnu] ==> dir [/usr/lib/gcc/x86_64-linux-gnu/9/../../../x86_64-linux-gnu]
    arg [-L/usr/lib/gcc/x86_64-linux-gnu/9/../../../../lib] ==> dir [/usr/lib/gcc/x86_64-linux-gnu/9/../../../../lib]
    arg [-L/lib/x86_64-linux-gnu] ==> dir [/lib/x86_64-linux-gnu]
    arg [-L/lib/../lib] ==> dir [/lib/../lib]
    arg [-L/usr/lib/x86_64-linux-gnu] ==> dir [/usr/lib/x86_64-linux-gnu]
    arg [-L/usr/lib/../lib] ==> dir [/usr/lib/../lib]
    arg [-L/usr/lib/gcc/x86_64-linux-gnu/9/../../..] ==> dir [/usr/lib/gcc/x86_64-linux-gnu/9/../../..]
    arg [CMakeFiles/cmTC_9007f.dir/CMakeCXXCompilerABI.cpp.o] ==> ignore
    arg [-lstdc++] ==> lib [stdc++]
    arg [-lm] ==> lib [m]
    arg [-lgcc_s] ==> lib [gcc_s]
    arg [-lgcc] ==> lib [gcc]
    arg [-lc] ==> lib [c]
    arg [-lgcc_s] ==> lib [gcc_s]
    arg [-lgcc] ==> lib [gcc]
    arg [/usr/lib/gcc/x86_64-linux-gnu/9/crtendS.o] ==> ignore
    arg [/usr/lib/gcc/x86_64-linux-gnu/9/../../../x86_64-linux-gnu/crtn.o] ==> ignore
  collapse library dir [/usr/lib/gcc/x86_64-linux-gnu/9] ==> [/usr/lib/gcc/x86_64-linux-gnu/9]
  collapse library dir [/usr/lib/gcc/x86_64-linux-gnu/9/../../../x86_64-linux-gnu] ==> [/usr/lib/x86_64-linux-gnu]
  collapse library dir [/usr/lib/gcc/x86_64-linux-gnu/9/../../../../lib] ==> [/usr/lib]
  collapse library dir [/lib/x86_64-linux-gnu] ==> [/lib/x86_64-linux-gnu]
  collapse library dir [/lib/../lib] ==> [/lib]
  collapse library dir [/usr/lib/x86_64-linux-gnu] ==> [/usr/lib/x86_64-linux-gnu]
  collapse library dir [/usr/lib/../lib] ==> [/usr/lib]
  collapse library dir [/usr/lib/gcc/x86_64-linux-gnu/9/../../..] ==> [/usr/lib]
  implicit libs: [stdc++;m;gcc_s;gcc;c;gcc_s;gcc]
  implicit dirs: [/usr/lib/gcc/x86_64-linux-gnu/9;/usr/lib/x86_64-linux-gnu;/usr/lib;/lib/x86_64-linux-gnu;/lib]
  implicit fwks: []


Determining if the include file pthread.h exists passed with the following output:
Change Dir: /home/yoshi/source/MatrixLED-Controller/build/CMakeFiles/CMakeTmp

Run Build Command(s):/usr/bin/make cmTC_3df63/fast && /usr/bin/make -f CMakeFiles/cmTC_3df63.dir/build.make CMakeFiles/cmTC_3df63.dir/build
make[1]: Entering directory '/home/yoshi/source/MatrixLED-Controller/build/CMakeFiles/CMakeTmp'
Building C object CMakeFiles/cmTC_3df63.dir/CheckIncludeFile.c.o
/usr/bin/cc    -o CMakeFiles/cmTC_3df63.dir/CheckIncludeFile.c.o   -c /home/yoshi/source/MatrixLED-Controller/build/CMakeFiles/CMakeTmp/CheckIncludeFile.c
Linking C executable cmTC_3df63
/usr/bin/cmake -E cmake_link_script CMakeFiles/cmTC_3df63.dir/link.txt --verbose=1
/usr/bin/cc      -rdynamic CMakeFiles/cmTC_3df63.dir/CheckIncludeFile.c.o  -o cmTC_3df63 
make[1]: Leaving directory '/home/yoshi/source/MatrixLED-Controller/build/CMakeFiles/CMakeTmp'



Determining if the function pthread_create exists in the pthread passed with the following output:
Change Dir: /home/yoshi/source/MatrixLED-Controller/build/CMakeFiles/CMakeTmp

Run Build Command(s):/usr/bin/make cmTC_34c8f/fast && /usr/bin/make -f CMakeFiles/cmTC_34c8f.dir/build.make CMakeFiles/cmTC_34c8f.dir/build
make[1]: Entering directory '/home/yoshi/source/MatrixLED-Controller/build/CMakeFiles/CMakeTmp'
Building C object CMakeFiles/cmTC_34c8f.dir/CheckFunctionExists.c.o
/usr/bin/cc   -DCHECK_FUNCTION_EXISTS=pthread_create   -o CMakeFiles/cmTC_34c8f.dir/CheckFunctionExists.c.o   -c /usr/share/cmake-3.16/Modules/CheckFunctionExists.c
Linking C executable cmTC_34c8f
/usr/bin/cmake -E cmake_link_script CMakeFiles/cmTC_34c8f.dir/link.txt --verbose=1
/usr/bin/cc  -DCHECK_FUNCTION_EXISTS=pthread_create    -rdynamic CMakeFiles/cmTC_34c8f.dir/CheckFunctionExists.c.o  -o cmTC_34c8f  -lpthread 
make[1]: Leaving directory '/home/yoshi/source/MatrixLED-Controller/build/CMakeFiles/CMakeTmp'



Performing C++ SOURCE FILE Test COMPILER_SUPPORTS_CXX11 succeeded with the following output:
Change Dir: /home/yoshi/source/MatrixLED-Controller/build/CMakeFiles/CMakeTmp

Run Build Command(s):/usr/bin/make cmTC_094be/fast && /usr/bin/make -f CMakeFiles/cmTC_094be.dir/build.make CMakeFiles/cmTC_094be.dir/build
make[1]: Entering directory '/home/yoshi/source/MatrixLED-Controller/build/CMakeFiles/CMakeTmp'
Building CXX object CMakeFiles/cmTC_094be.dir/src.cxx.o
/usr/bin/c++    -fPIC -g -O3 -pthread -DCOMPILER_SUPPORTS_CXX11   -std=gnu++11 -o CMakeFiles/cmTC_094be.dir/src.cxx.o -c /home/yoshi/source/MatrixLED-Controller/build/CMakeFiles/CMakeTmp/src.cxx
Linking CXX executable cmTC_094be
/usr/bin/cmake -E cmake_link_script CMakeFiles/cmTC_094be.dir/link.txt --verbose=1
/usr/bin/c++  -fPIC -g -O3 -pthread -DCOMPILER_SUPPORTS_CXX11    -rdynamic CMakeFiles/cmTC_094be.dir/src.cxx.o  -o cmTC_094be 
make[1]: Leaving directory '/home/yoshi/source/MatrixLED-Controller/build/CMakeFiles/CMakeTmp'


Source file was:
int main() { return 0; }
Performing C SOURCE FILE Test COMPILER_SUPPORTS_C11 succeeded with the following output:
Change Dir: /home/yoshi/source/MatrixLED-Controller/build/CMakeFiles/CMakeTmp

Run Build Command(s):/usr/bin/make cmTC_5d8b9/fast && /usr/bin/make -f CMakeFiles/cmTC_5d8b9.dir/build.make CMakeFiles/cmTC_5d8b9.dir/build
make[1]: Entering directory '/home/yoshi/source/MatrixLED-Controller/build/CMakeFiles/CMakeTmp'
Building C object CMakeFiles/cmTC_5d8b9.dir/src.c.o
/usr/bin/cc   -DCOMPILER_SUPPORTS_C11   -std=gnu11 -o CMakeFiles/cmTC_5d8b9.dir/src.c.o   -c /home/yoshi/source/MatrixLED-Controller/build/CMakeFiles/CMakeTmp/src.c
Linking C executable cmTC_5d8b9
/usr/bin/cmake -E cmake_link_script CMakeFiles/cmTC_5d8b9.dir/link.txt --verbose=1
/usr/bin/cc  -DCOMPILER_SUPPORTS_C11    -rdynamic CMakeFiles/cmTC_5d8b9.dir/src.c.o  -o cmTC_5d8b9 
make[1]: Leaving directory '/home/yoshi/source/MatrixLED-Controller/build/CMakeFiles/CMakeTmp'


Source file was:
int main(void) { return 0; }
Performing C++ SOURCE FILE Test CXX_HAS_TAUT_WARNING succeeded with the following output:
Change Dir: /home/yoshi/source/MatrixLED-Controller/build/CMakeFiles/CMakeTmp

Run Build Command(s):/usr/bin/make cmTC_b9514/fast && /usr/bin/make -f CMakeFiles/cmTC_b9514.dir/build.make CMakeFiles/cmTC_b9514.dir/build
make[1]: Entering directory '/home/yoshi/source/MatrixLED-Controller/build/CMakeFiles/CMakeTmp'
Building CXX object CMakeFiles/cmTC_b9514.dir/src.cxx.o
/usr/bin/c++    -fPIC -g -O3 -pthread -std=gnu++11 -DCXX_HAS_TAUT_WARNING   -Wno-tautological-constant-compare -o CMakeFiles/cmTC_b9514.dir/src.cxx.o -c /home/yoshi/source/MatrixLED-Controller/build/CMakeFiles/CMakeTmp/src.cxx
Linking CXX executable cmTC_b9514
/usr/bin/cmake -E cmake_link_script CMakeFiles/cmTC_b9514.dir/link.txt --verbose=1
/usr/bin/c++  -fPIC -g -O3 -pthread -std=gnu++11 -DCXX_HAS_TAUT_WARNING    -rdynamic CMakeFiles/cmTC_b9514.dir/src.cxx.o  -o cmTC_b9514 
make[1]: Leaving directory '/home/yoshi/source/MatrixLED-Controller/build/CMakeFiles/CMakeTmp'


Source file was:
int main() { return 0; }
Performing C SOURCE FILE Test CC_HAS_TAUT_WARNING succeeded with the following output:
Change Dir: /home/yoshi/source/MatrixLED-Controller/build/CMakeFiles/CMakeTmp

Run Build Command(s):/usr/bin/make cmTC_59eb2/fast && /usr/bin/make -f CMakeFiles/cmTC_59eb2.dir/build.make CMakeFiles/cmTC_59eb2.dir/build
make[1]: Entering directory '/home/yoshi/source/MatrixLED-Controller/build/CMakeFiles/CMakeTmp'
Building C object CMakeFiles/cmTC_59eb2.dir/src.c.o
/usr/bin/cc   -std=gnu11 -DCC_HAS_TAUT_WARNING   -Wno-tautological-constant-compare -o CMakeFiles/cmTC_59eb2.dir/src.c.o   -c /home/yoshi/source/MatrixLED-Controller/build/CMakeFiles/CMakeTmp/src.c
Linking C executable cmTC_59eb2
/usr/bin/cmake -E cmake_link_script CMakeFiles/cmTC_59eb2.dir/link.txt --verbose=1
/usr/bin/cc  -std=gnu11 -DCC_HAS_TAUT_WARNING    -rdynamic CMakeFiles/cmTC_59eb2.dir/src.c.o  -o cmTC_59eb2 
make[1]: Leaving directory '/home/yoshi/source/MatrixLED-Controller/build/CMakeFiles/CMakeTmp'


Source file was:
int main(void) { return 0; }
Determining if the epoll_create exist passed with the following output:
Change Dir: /home/yoshi/source/MatrixLED-Controller/build/CMakeFiles/CMakeTmp

Run Build Command(s):/usr/bin/make cmTC_f0dd8/fast && /usr/bin/make -f CMakeFiles/cmTC_f0dd8.dir/build.make CMakeFiles/cmTC_f0dd8.dir/build
make[1]: Entering directory '/home/yoshi/source/MatrixLED-Controller/build/CMakeFiles/CMakeTmp'
Building CXX object CMakeFiles/cmTC_f0dd8.dir/CheckSymbolExists.cxx.o
/usr/bin/c++    -fPIC -g -O3 -pthread -std=gnu++11 -Wno-tautological-constant-compare    -o CMakeFiles/cmTC_f0dd8.dir/CheckSymbolExists.cxx.o -c /home/yoshi/source/MatrixLED-Controller/build/CMakeFiles/CMakeTmp/CheckSymbolExists.cxx
Linking CXX executable cmTC_f0dd8
/usr/bin/cmake -E cmake_link_script CMakeFiles/cmTC_f0dd8.dir/link.txt --verbose=1
/usr/bin/c++  -fPIC -g -O3 -pthread -std=gnu++11 -Wno-tautological-constant-compare     -rdynamic CMakeFiles/cmTC_f0dd8.dir/CheckSymbolExists.cxx.o  -o cmTC_f0dd8 
make[1]: Leaving directory '/home/yoshi/source/MatrixLED-Controller/build/CMakeFiles/CMakeTmp'


File /home/yoshi/source/MatrixLED-Controller/build/CMakeFiles/CMakeTmp/CheckSymbolExists.cxx:
/* */
#include <sys/epoll.h>

int main(int argc, char** argv)
{
  (void)argv;
#ifndef epoll_create
  return ((int*)(&epoll_create))[argc];
#else
  (void)argc;
  return 0;
#endif
}
Determining if the epoll_create1 exist passed with the following output:
Change Dir: /home/yoshi/source/MatrixLED-Controller/build/CMakeFiles/CMakeTmp

Run Build Command(s):/usr/bin/make cmTC_054c6/fast && /usr/bin/make -f CMakeFiles/cmTC_054c6.dir/build.make CMakeFiles/cmTC_054c6.dir/build
make[1]: Entering directory '/home/yoshi/source/MatrixLED-Controller/build/CMakeFiles/CMakeTmp'
Building CXX object CMakeFiles/cmTC_054c6.dir/CheckSymbolExists.cxx.o
/usr/bin/c++    -fPIC -g -O3 -pthread -std=gnu++11 -Wno-tautological-constant-compare    -o CMakeFiles/cmTC_054c6.dir/CheckSymbolExists.cxx.o -c /home/yoshi/source/MatrixLED-Controller/build/CMakeFiles/CMakeTmp/CheckSymbolExists.cxx
Linking CXX executable cmTC_054c6
/usr/bin/cmake -E cmake_link_script CMakeFiles/cmTC_054c6.dir/link.txt --verbose=1
/usr/bin/c++  -fPIC -g -O3 -pthread -std=gnu++11 -Wno-tautological-constant-compare     -rdynamic CMakeFiles/cmTC_054c6.dir/CheckSymbolExists.cxx.o  -o cmTC_054c6 
make[1]: Leaving directory '/home/yoshi/source/MatrixLED-Controller/build/CMakeFiles/CMakeTmp'


File /home/yoshi/source/MatrixLED-Controller/build/CMakeFiles/CMakeTmp/CheckSymbolExists.cxx:
/* */
#include <sys/epoll.h>

int main(int argc, char** argv)
{
  (void)argv;
#ifndef epoll_create1
  return ((int*)(&epoll_create1))[argc];
#else
  (void)argc;
  return 0;
#endif
}
Determining if files condition_variable exist passed with the following output:
Change Dir: /home/yoshi/source/MatrixLED-Controller/build/CMakeFiles/CMakeTmp

Run Build Command(s):/usr/bin/make cmTC_c7dd0/fast && /usr/bin/make -f CMakeFiles/cmTC_c7dd0.dir/build.make CMakeFiles/cmTC_c7dd0.dir/build
make[1]: Entering directory '/home/yoshi/source/MatrixLED-Controller/build/CMakeFiles/CMakeTmp'
Building CXX object CMakeFiles/cmTC_c7dd0.dir/ZMQ_HAVE_STL_CONDITION_VARIABLE.cpp.o
/usr/bin/c++    -fPIC -g -O3 -pthread -std=gnu++11 -Wno-tautological-constant-compare    -o CMakeFiles/cmTC_c7dd0.dir/ZMQ_HAVE_STL_CONDITION_VARIABLE.cpp.o -c /home/yoshi/source/MatrixLED-Controller/build/CMakeFiles/CheckIncludeFiles/ZMQ_HAVE_STL_CONDITION_VARIABLE.cpp
Linking CXX executable cmTC_c7dd0
/usr/bin/cmake -E cmake_link_script CMakeFiles/cmTC_c7dd0.dir/link.txt --verbose=1
/usr/bin/c++  -fPIC -g -O3 -pthread -std=gnu++11 -Wno-tautological-constant-compare     -rdynamic CMakeFiles/cmTC_c7dd0.dir/ZMQ_HAVE_STL_CONDITION_VARIABLE.cpp.o  -o cmTC_c7dd0 
make[1]: Leaving directory '/home/yoshi/source/MatrixLED-Controller/build/CMakeFiles/CMakeTmp'



Determining if files ifaddrs.h exist passed with the following output:
Change Dir: /home/yoshi/source/MatrixLED-Controller/build/CMakeFiles/CMakeTmp

Run Build Command(s):/usr/bin/make cmTC_edcce/fast && /usr/bin/make -f CMakeFiles/cmTC_edcce.dir/build.make CMakeFiles/cmTC_edcce.dir/build
make[1]: Entering directory '/home/yoshi/source/MatrixLED-Controller/build/CMakeFiles/CMakeTmp'
Building C object CMakeFiles/cmTC_edcce.dir/ZMQ_HAVE_IFADDRS.c.o
/usr/bin/cc   -std=gnu11 -Wno-tautological-constant-compare    -o CMakeFiles/cmTC_edcce.dir/ZMQ_HAVE_IFADDRS.c.o   -c /home/yoshi/source/MatrixLED-Controller/build/CMakeFiles/CheckIncludeFiles/ZMQ_HAVE_IFADDRS.c
Linking C executable cmTC_edcce
/usr/bin/cmake -E cmake_link_script CMakeFiles/cmTC_edcce.dir/link.txt --verbose=1
/usr/bin/cc  -std=gnu11 -Wno-tautological-constant-compare     -rdynamic CMakeFiles/cmTC_edcce.dir/ZMQ_HAVE_IFADDRS.c.o  -o cmTC_edcce 
make[1]: Leaving directory '/home/yoshi/source/MatrixLED-Controller/build/CMakeFiles/CMakeTmp'



Determining if files sys/uio.h exist passed with the following output:
Change Dir: /home/yoshi/source/MatrixLED-Controller/build/CMakeFiles/CMakeTmp

Run Build Command(s):/usr/bin/make cmTC_09f49/fast && /usr/bin/make -f CMakeFiles/cmTC_09f49.dir/build.make CMakeFiles/cmTC_09f49.dir/build
make[1]: Entering directory '/home/yoshi/source/MatrixLED-Controller/build/CMakeFiles/CMakeTmp'
Building C object CMakeFiles/cmTC_09f49.dir/ZMQ_HAVE_UIO.c.o
/usr/bin/cc   -std=gnu11 -Wno-tautological-constant-compare    -o CMakeFiles/cmTC_09f49.dir/ZMQ_HAVE_UIO.c.o   -c /home/yoshi/source/MatrixLED-Controller/build/CMakeFiles/CheckIncludeFiles/ZMQ_HAVE_UIO.c
Linking C executable cmTC_09f49
/usr/bin/cmake -E cmake_link_script CMakeFiles/cmTC_09f49.dir/link.txt --verbose=1
/usr/bin/cc  -std=gnu11 -Wno-tautological-constant-compare     -rdynamic CMakeFiles/cmTC_09f49.dir/ZMQ_HAVE_UIO.c.o  -o cmTC_09f49 
make[1]: Leaving directory '/home/yoshi/source/MatrixLED-Controller/build/CMakeFiles/CMakeTmp'



Determining if files sys/eventfd.h exist passed with the following output:
Change Dir: /home/yoshi/source/MatrixLED-Controller/build/CMakeFiles/CMakeTmp

Run Build Command(s):/usr/bin/make cmTC_81897/fast && /usr/bin/make -f CMakeFiles/cmTC_81897.dir/build.make CMakeFiles/cmTC_81897.dir/build
make[1]: Entering directory '/home/yoshi/source/MatrixLED-Controller/build/CMakeFiles/CMakeTmp'
Building C object CMakeFiles/cmTC_81897.dir/ZMQ_HAVE_EVENTFD.c.o
/usr/bin/cc   -std=gnu11 -Wno-tautological-constant-compare    -o CMakeFiles/cmTC_81897.dir/ZMQ_HAVE_EVENTFD.c.o   -c /home/yoshi/source/MatrixLED-Controller/build/CMakeFiles/CheckIncludeFiles/ZMQ_HAVE_EVENTFD.c
Linking C executable cmTC_81897
/usr/bin/cmake -E cmake_link_script CMakeFiles/cmTC_81897.dir/link.txt --verbose=1
/usr/bin/cc  -std=gnu11 -Wno-tautological-constant-compare     -rdynamic CMakeFiles/cmTC_81897.dir/ZMQ_HAVE_EVENTFD.c.o  -o cmTC_81897 
make[1]: Leaving directory '/home/yoshi/source/MatrixLED-Controller/build/CMakeFiles/CMakeTmp'



Performing C SOURCE FILE Test ZMQ_HAVE_EVENTFD_CLOEXEC succeeded with the following compile output:
Change Dir: /home/yoshi/source/MatrixLED-Controller/build/CMakeFiles/CMakeTmp

Run Build Command(s):/usr/bin/make cmTC_908df/fast && /usr/bin/make -f CMakeFiles/cmTC_908df.dir/build.make CMakeFiles/cmTC_908df.dir/build
make[1]: Entering directory '/home/yoshi/source/MatrixLED-Controller/build/CMakeFiles/CMakeTmp'
Building C object CMakeFiles/cmTC_908df.dir/src.c.o
/usr/bin/cc   -std=gnu11 -Wno-tautological-constant-compare -DZMQ_HAVE_EVENTFD_CLOEXEC   -o CMakeFiles/cmTC_908df.dir/src.c.o   -c /home/yoshi/source/MatrixLED-Controller/build/CMakeFiles/CMakeTmp/src.c
Linking C executable cmTC_908df
/usr/bin/cmake -E cmake_link_script CMakeFiles/cmTC_908df.dir/link.txt --verbose=1
/usr/bin/cc  -std=gnu11 -Wno-tautological-constant-compare -DZMQ_HAVE_EVENTFD_CLOEXEC    -rdynamic CMakeFiles/cmTC_908df.dir/src.c.o  -o cmTC_908df 
make[1]: Leaving directory '/home/yoshi/source/MatrixLED-Controller/build/CMakeFiles/CMakeTmp'


...and run output:

Return value: 1
Source file was:

#include <sys/eventfd.h>

int main(int argc, char *argv [])
{
    int s = eventfd (0, EFD_CLOEXEC);
    return(s == -1);
}

Determining if the if_nametoindex exist passed with the following output:
Change Dir: /home/yoshi/source/MatrixLED-Controller/build/CMakeFiles/CMakeTmp

Run Build Command(s):/usr/bin/make cmTC_e5910/fast && /usr/bin/make -f CMakeFiles/cmTC_e5910.dir/build.make CMakeFiles/cmTC_e5910.dir/build
make[1]: Entering directory '/home/yoshi/source/MatrixLED-Controller/build/CMakeFiles/CMakeTmp'
Building CXX object CMakeFiles/cmTC_e5910.dir/CheckSymbolExists.cxx.o
/usr/bin/c++    -fPIC -g -O3 -pthread -std=gnu++11 -Wno-tautological-constant-compare    -o CMakeFiles/cmTC_e5910.dir/CheckSymbolExists.cxx.o -c /home/yoshi/source/MatrixLED-Controller/build/CMakeFiles/CMakeTmp/CheckSymbolExists.cxx
Linking CXX executable cmTC_e5910
/usr/bin/cmake -E cmake_link_script CMakeFiles/cmTC_e5910.dir/link.txt --verbose=1
/usr/bin/c++  -fPIC -g -O3 -pthread -std=gnu++11 -Wno-tautological-constant-compare     -rdynamic CMakeFiles/cmTC_e5910.dir/CheckSymbolExists.cxx.o  -o cmTC_e5910 
make[1]: Leaving directory '/home/yoshi/source/MatrixLED-Controller/build/CMakeFiles/CMakeTmp'


File /home/yoshi/source/MatrixLED-Controller/build/CMakeFiles/CMakeTmp/CheckSymbolExists.cxx:
/* */
#include <net/if.h>

int main(int argc, char** argv)
{
  (void)argv;
#ifndef if_nametoindex
  return ((int*)(&if_nametoindex))[argc];
#else
  (void)argc;
  return 0;
#endif
}
Determining if the SO_PEERCRED exist passed with the following output:
Change Dir: /home/yoshi/source/MatrixLED-Controller/build/CMakeFiles/CMakeTmp

Run Build Command(s):/usr/bin/make cmTC_632c1/fast && /usr/bin/make -f CMakeFiles/cmTC_632c1.dir/build.make CMakeFiles/cmTC_632c1.dir/build
make[1]: Entering directory '/home/yoshi/source/MatrixLED-Controller/build/CMakeFiles/CMakeTmp'
Building CXX object CMakeFiles/cmTC_632c1.dir/CheckSymbolExists.cxx.o
/usr/bin/c++    -fPIC -g -O3 -pthread -std=gnu++11 -Wno-tautological-constant-compare    -o CMakeFiles/cmTC_632c1.dir/CheckSymbolExists.cxx.o -c /home/yoshi/source/MatrixLED-Controller/build/CMakeFiles/CMakeTmp/CheckSymbolExists.cxx
Linking CXX executable cmTC_632c1
/usr/bin/cmake -E cmake_link_script CMakeFiles/cmTC_632c1.dir/link.txt --verbose=1
/usr/bin/c++  -fPIC -g -O3 -pthread -std=gnu++11 -Wno-tautological-constant-compare     -rdynamic CMakeFiles/cmTC_632c1.dir/CheckSymbolExists.cxx.o  -o cmTC_632c1 
make[1]: Leaving directory '/home/yoshi/source/MatrixLED-Controller/build/CMakeFiles/CMakeTmp'


File /home/yoshi/source/MatrixLED-Controller/build/CMakeFiles/CMakeTmp/CheckSymbolExists.cxx:
/* */
#include <sys/socket.h>

int main(int argc, char** argv)
{
  (void)argv;
#ifndef SO_PEERCRED
  return ((int*)(&SO_PEERCRED))[argc];
#else
  (void)argc;
  return 0;
#endif
}
Determining if the clock_gettime exist passed with the following output:
Change Dir: /home/yoshi/source/MatrixLED-Controller/build/CMakeFiles/CMakeTmp

Run Build Command(s):/usr/bin/make cmTC_f16dc/fast && /usr/bin/make -f CMakeFiles/cmTC_f16dc.dir/build.make CMakeFiles/cmTC_f16dc.dir/build
make[1]: Entering directory '/home/yoshi/source/MatrixLED-Controller/build/CMakeFiles/CMakeTmp'
Building CXX object CMakeFiles/cmTC_f16dc.dir/CheckSymbolExists.cxx.o
/usr/bin/c++    -fPIC -g -O3 -pthread -std=gnu++11 -Wno-tautological-constant-compare    -o CMakeFiles/cmTC_f16dc.dir/CheckSymbolExists.cxx.o -c /home/yoshi/source/MatrixLED-Controller/build/CMakeFiles/CMakeTmp/CheckSymbolExists.cxx
Linking CXX executable cmTC_f16dc
/usr/bin/cmake -E cmake_link_script CMakeFiles/cmTC_f16dc.dir/link.txt --verbose=1
/usr/bin/c++  -fPIC -g -O3 -pthread -std=gnu++11 -Wno-tautological-constant-compare     -rdynamic CMakeFiles/cmTC_f16dc.dir/CheckSymbolExists.cxx.o  -o cmTC_f16dc  -lrt 
make[1]: Leaving directory '/home/yoshi/source/MatrixLED-Controller/build/CMakeFiles/CMakeTmp'


File /home/yoshi/source/MatrixLED-Controller/build/CMakeFiles/CMakeTmp/CheckSymbolExists.cxx:
/* */
#include <time.h>

int main(int argc, char** argv)
{
  (void)argv;
#ifndef clock_gettime
  return ((int*)(&clock_gettime))[argc];
#else
  (void)argc;
  return 0;
#endif
}
Determining if the fork exist passed with the following output:
Change Dir: /home/yoshi/source/MatrixLED-Controller/build/CMakeFiles/CMakeTmp

Run Build Command(s):/usr/bin/make cmTC_dfac7/fast && /usr/bin/make -f CMakeFiles/cmTC_dfac7.dir/build.make CMakeFiles/cmTC_dfac7.dir/build
make[1]: Entering directory '/home/yoshi/source/MatrixLED-Controller/build/CMakeFiles/CMakeTmp'
Building CXX object CMakeFiles/cmTC_dfac7.dir/CheckSymbolExists.cxx.o
/usr/bin/c++    -fPIC -g -O3 -pthread -std=gnu++11 -Wno-tautological-constant-compare    -o CMakeFiles/cmTC_dfac7.dir/CheckSymbolExists.cxx.o -c /home/yoshi/source/MatrixLED-Controller/build/CMakeFiles/CMakeTmp/CheckSymbolExists.cxx
Linking CXX executable cmTC_dfac7
/usr/bin/cmake -E cmake_link_script CMakeFiles/cmTC_dfac7.dir/link.txt --verbose=1
/usr/bin/c++  -fPIC -g -O3 -pthread -std=gnu++11 -Wno-tautological-constant-compare     -rdynamic CMakeFiles/cmTC_dfac7.dir/CheckSymbolExists.cxx.o  -o cmTC_dfac7 
make[1]: Leaving directory '/home/yoshi/source/MatrixLED-Controller/build/CMakeFiles/CMakeTmp'


File /home/yoshi/source/MatrixLED-Controller/build/CMakeFiles/CMakeTmp/CheckSymbolExists.cxx:
/* */
#include <unistd.h>

int main(int argc, char** argv)
{
  (void)argv;
#ifndef fork
  return ((int*)(&fork))[argc];
#else
  (void)argc;
  return 0;
#endif
}
Determining if the mkdtemp exist passed with the following output:
Change Dir: /home/yoshi/source/MatrixLED-Controller/build/CMakeFiles/CMakeTmp

Run Build Command(s):/usr/bin/make cmTC_29b23/fast && /usr/bin/make -f CMakeFiles/cmTC_29b23.dir/build.make CMakeFiles/cmTC_29b23.dir/build
make[1]: Entering directory '/home/yoshi/source/MatrixLED-Controller/build/CMakeFiles/CMakeTmp'
Building CXX object CMakeFiles/cmTC_29b23.dir/CheckSymbolExists.cxx.o
/usr/bin/c++    -fPIC -g -O3 -pthread -std=gnu++11 -Wno-tautological-constant-compare    -o CMakeFiles/cmTC_29b23.dir/CheckSymbolExists.cxx.o -c /home/yoshi/source/MatrixLED-Controller/build/CMakeFiles/CMakeTmp/CheckSymbolExists.cxx
Linking CXX executable cmTC_29b23
/usr/bin/cmake -E cmake_link_script CMakeFiles/cmTC_29b23.dir/link.txt --verbose=1
/usr/bin/c++  -fPIC -g -O3 -pthread -std=gnu++11 -Wno-tautological-constant-compare     -rdynamic CMakeFiles/cmTC_29b23.dir/CheckSymbolExists.cxx.o  -o cmTC_29b23 
make[1]: Leaving directory '/home/yoshi/source/MatrixLED-Controller/build/CMakeFiles/CMakeTmp'


File /home/yoshi/source/MatrixLED-Controller/build/CMakeFiles/CMakeTmp/CheckSymbolExists.cxx:
/* */
#include <stdlib.h>

int main(int argc, char** argv)
{
  (void)argv;
#ifndef mkdtemp
  return ((int*)(&mkdtemp))[argc];
#else
  (void)argc;
  return 0;
#endif
}
Determining if the accept4 exist passed with the following output:
Change Dir: /home/yoshi/source/MatrixLED-Controller/build/CMakeFiles/CMakeTmp

Run Build Command(s):/usr/bin/make cmTC_d99fb/fast && /usr/bin/make -f CMakeFiles/cmTC_d99fb.dir/build.make CMakeFiles/cmTC_d99fb.dir/build
make[1]: Entering directory '/home/yoshi/source/MatrixLED-Controller/build/CMakeFiles/CMakeTmp'
Building CXX object CMakeFiles/cmTC_d99fb.dir/CheckSymbolExists.cxx.o
/usr/bin/c++    -fPIC -g -O3 -pthread -std=gnu++11 -Wno-tautological-constant-compare    -o CMakeFiles/cmTC_d99fb.dir/CheckSymbolExists.cxx.o -c /home/yoshi/source/MatrixLED-Controller/build/CMakeFiles/CMakeTmp/CheckSymbolExists.cxx
Linking CXX executable cmTC_d99fb
/usr/bin/cmake -E cmake_link_script CMakeFiles/cmTC_d99fb.dir/link.txt --verbose=1
/usr/bin/c++  -fPIC -g -O3 -pthread -std=gnu++11 -Wno-tautological-constant-compare     -rdynamic CMakeFiles/cmTC_d99fb.dir/CheckSymbolExists.cxx.o  -o cmTC_d99fb 
make[1]: Leaving directory '/home/yoshi/source/MatrixLED-Controller/build/CMakeFiles/CMakeTmp'


File /home/yoshi/source/MatrixLED-Controller/build/CMakeFiles/CMakeTmp/CheckSymbolExists.cxx:
/* */
#include <sys/socket.h>

int main(int argc, char** argv)
{
  (void)argv;
#ifndef accept4
  return ((int*)(&accept4))[argc];
#else
  (void)argc;
  return 0;
#endif
}
Determining if the strnlen exist passed with the following output:
Change Dir: /home/yoshi/source/MatrixLED-Controller/build/CMakeFiles/CMakeTmp

Run Build Command(s):/usr/bin/make cmTC_86926/fast && /usr/bin/make -f CMakeFiles/cmTC_86926.dir/build.make CMakeFiles/cmTC_86926.dir/build
make[1]: Entering directory '/home/yoshi/source/MatrixLED-Controller/build/CMakeFiles/CMakeTmp'
Building CXX object CMakeFiles/cmTC_86926.dir/CheckSymbolExists.cxx.o
/usr/bin/c++    -fPIC -g -O3 -pthread -std=gnu++11 -Wno-tautological-constant-compare    -o CMakeFiles/cmTC_86926.dir/CheckSymbolExists.cxx.o -c /home/yoshi/source/MatrixLED-Controller/build/CMakeFiles/CMakeTmp/CheckSymbolExists.cxx
Linking CXX executable cmTC_86926
/usr/bin/cmake -E cmake_link_script CMakeFiles/cmTC_86926.dir/link.txt --verbose=1
/usr/bin/c++  -fPIC -g -O3 -pthread -std=gnu++11 -Wno-tautological-constant-compare     -rdynamic CMakeFiles/cmTC_86926.dir/CheckSymbolExists.cxx.o  -o cmTC_86926 
make[1]: Leaving directory '/home/yoshi/source/MatrixLED-Controller/build/CMakeFiles/CMakeTmp'


File /home/yoshi/source/MatrixLED-Controller/build/CMakeFiles/CMakeTmp/CheckSymbolExists.cxx:
/* */
#include <string.h>

int main(int argc, char** argv)
{
  (void)argv;
#ifndef strnlen
  return ((int*)(&strnlen))[argc];
#else
  (void)argc;
  return 0;
#endif
}
Performing C++ SOURCE FILE Test ZMQ_HAVE_NOEXCEPT succeeded with the following output:
Change Dir: /home/yoshi/source/MatrixLED-Controller/build/CMakeFiles/CMakeTmp

Run Build Command(s):/usr/bin/make cmTC_776d7/fast && /usr/bin/make -f CMakeFiles/cmTC_776d7.dir/build.make CMakeFiles/cmTC_776d7.dir/build
make[1]: Entering directory '/home/yoshi/source/MatrixLED-Controller/build/CMakeFiles/CMakeTmp'
Building CXX object CMakeFiles/cmTC_776d7.dir/src.cxx.o
/usr/bin/c++    -fPIC -g -O3 -pthread -std=gnu++11 -Wno-tautological-constant-compare -DZMQ_HAVE_NOEXCEPT   -o CMakeFiles/cmTC_776d7.dir/src.cxx.o -c /home/yoshi/source/MatrixLED-Controller/build/CMakeFiles/CMakeTmp/src.cxx
Linking CXX executable cmTC_776d7
/usr/bin/cmake -E cmake_link_script CMakeFiles/cmTC_776d7.dir/link.txt --verbose=1
/usr/bin/c++  -fPIC -g -O3 -pthread -std=gnu++11 -Wno-tautological-constant-compare -DZMQ_HAVE_NOEXCEPT    -rdynamic CMakeFiles/cmTC_776d7.dir/src.cxx.o  -o cmTC_776d7 
make[1]: Leaving directory '/home/yoshi/source/MatrixLED-Controller/build/CMakeFiles/CMakeTmp'


Source file was:

struct X 
{
    X(int i) noexcept {}
};

int main(int argc, char *argv [])
{
    X x(5);
    return 0;
}

Performing C SOURCE FILE Test ZMQ_HAVE_SOCK_CLOEXEC succeeded with the following compile output:
Change Dir: /home/yoshi/source/MatrixLED-Controller/build/CMakeFiles/CMakeTmp

Run Build Command(s):/usr/bin/make cmTC_e4cfa/fast && /usr/bin/make -f CMakeFiles/cmTC_e4cfa.dir/build.make CMakeFiles/cmTC_e4cfa.dir/build
make[1]: Entering directory '/home/yoshi/source/MatrixLED-Controller/build/CMakeFiles/CMakeTmp'
Building C object CMakeFiles/cmTC_e4cfa.dir/src.c.o
/usr/bin/cc   -std=gnu11 -Wno-tautological-constant-compare -DZMQ_HAVE_SOCK_CLOEXEC   -o CMakeFiles/cmTC_e4cfa.dir/src.c.o   -c /home/yoshi/source/MatrixLED-Controller/build/CMakeFiles/CMakeTmp/src.c
Linking C executable cmTC_e4cfa
/usr/bin/cmake -E cmake_link_script CMakeFiles/cmTC_e4cfa.dir/link.txt --verbose=1
/usr/bin/cc  -std=gnu11 -Wno-tautological-constant-compare -DZMQ_HAVE_SOCK_CLOEXEC    -rdynamic CMakeFiles/cmTC_e4cfa.dir/src.c.o  -o cmTC_e4cfa 
make[1]: Leaving directory '/home/yoshi/source/MatrixLED-Controller/build/CMakeFiles/CMakeTmp'


...and run output:

Return value: 1
Source file was:

#include <sys/types.h>
#include <sys/socket.h>

int main(int argc, char *argv [])
{
    int s = socket(PF_INET, SOCK_STREAM | SOCK_CLOEXEC, 0);
    return(s == -1);
}

Performing C SOURCE FILE Test ZMQ_HAVE_O_CLOEXEC succeeded with the following compile output:
Change Dir: /home/yoshi/source/MatrixLED-Controller/build/CMakeFiles/CMakeTmp

Run Build Command(s):/usr/bin/make cmTC_80e32/fast && /usr/bin/make -f CMakeFiles/cmTC_80e32.dir/build.make CMakeFiles/cmTC_80e32.dir/build
make[1]: Entering directory '/home/yoshi/source/MatrixLED-Controller/build/CMakeFiles/CMakeTmp'
Building C object CMakeFiles/cmTC_80e32.dir/src.c.o
/usr/bin/cc   -std=gnu11 -Wno-tautological-constant-compare -DZMQ_HAVE_O_CLOEXEC   -o CMakeFiles/cmTC_80e32.dir/src.c.o   -c /home/yoshi/source/MatrixLED-Controller/build/CMakeFiles/CMakeTmp/src.c
Linking C executable cmTC_80e32
/usr/bin/cmake -E cmake_link_script CMakeFiles/cmTC_80e32.dir/link.txt --verbose=1
/usr/bin/cc  -std=gnu11 -Wno-tautological-constant-compare -DZMQ_HAVE_O_CLOEXEC    -rdynamic CMakeFiles/cmTC_80e32.dir/src.c.o  -o cmTC_80e32 
make[1]: Leaving directory '/home/yoshi/source/MatrixLED-Controller/build/CMakeFiles/CMakeTmp'


...and run output:

Return value: 1
Source file was:

#include <sys/types.h>
#include <sys/stat.h>
#include <fcntl.h>

int main(int argc, char *argv [])
{
    int s = open ("/dev/null", O_CLOEXEC | O_RDONLY);
    return s == -1;
}

Performing C SOURCE FILE Test ZMQ_HAVE_SO_BINDTODEVICE succeeded with the following compile output:
Change Dir: /home/yoshi/source/MatrixLED-Controller/build/CMakeFiles/CMakeTmp

Run Build Command(s):/usr/bin/make cmTC_ce771/fast && /usr/bin/make -f CMakeFiles/cmTC_ce771.dir/build.make CMakeFiles/cmTC_ce771.dir/build
make[1]: Entering directory '/home/yoshi/source/MatrixLED-Controller/build/CMakeFiles/CMakeTmp'
Building C object CMakeFiles/cmTC_ce771.dir/src.c.o
/usr/bin/cc   -std=gnu11 -Wno-tautological-constant-compare -DZMQ_HAVE_SO_BINDTODEVICE   -o CMakeFiles/cmTC_ce771.dir/src.c.o   -c /home/yoshi/source/MatrixLED-Controller/build/CMakeFiles/CMakeTmp/src.c
Linking C executable cmTC_ce771
/usr/bin/cmake -E cmake_link_script CMakeFiles/cmTC_ce771.dir/link.txt --verbose=1
/usr/bin/cc  -std=gnu11 -Wno-tautological-constant-compare -DZMQ_HAVE_SO_BINDTODEVICE    -rdynamic CMakeFiles/cmTC_ce771.dir/src.c.o  -o cmTC_ce771 
make[1]: Leaving directory '/home/yoshi/source/MatrixLED-Controller/build/CMakeFiles/CMakeTmp'


...and run output:

Return value: 1
Source file was:

#include <sys/socket.h>

int main(int argc, char *argv [])
{
/* Actually making the setsockopt() call requires CAP_NET_RAW */
#ifndef SO_BINDTODEVICE
    return 1;
#else
    return 0;
#endif
}

Performing C SOURCE FILE Test ZMQ_HAVE_SO_KEEPALIVE succeeded with the following compile output:
Change Dir: /home/yoshi/source/MatrixLED-Controller/build/CMakeFiles/CMakeTmp

Run Build Command(s):/usr/bin/make cmTC_2420c/fast && /usr/bin/make -f CMakeFiles/cmTC_2420c.dir/build.make CMakeFiles/cmTC_2420c.dir/build
make[1]: Entering directory '/home/yoshi/source/MatrixLED-Controller/build/CMakeFiles/CMakeTmp'
Building C object CMakeFiles/cmTC_2420c.dir/src.c.o
/usr/bin/cc   -std=gnu11 -Wno-tautological-constant-compare -DZMQ_HAVE_SO_KEEPALIVE   -o CMakeFiles/cmTC_2420c.dir/src.c.o   -c /home/yoshi/source/MatrixLED-Controller/build/CMakeFiles/CMakeTmp/src.c
Linking C executable cmTC_2420c
/usr/bin/cmake -E cmake_link_script CMakeFiles/cmTC_2420c.dir/link.txt --verbose=1
/usr/bin/cc  -std=gnu11 -Wno-tautological-constant-compare -DZMQ_HAVE_SO_KEEPALIVE    -rdynamic CMakeFiles/cmTC_2420c.dir/src.c.o  -o cmTC_2420c 
make[1]: Leaving directory '/home/yoshi/source/MatrixLED-Controller/build/CMakeFiles/CMakeTmp'


...and run output:

Return value: 1
Source file was:

#include <sys/types.h>
#include <sys/socket.h>

int main(int argc, char *argv [])
{
    int s, rc, opt = 1;
    return(
       ((s = socket(PF_INET, SOCK_STREAM, 0)) == -1) ||
       ((rc = setsockopt(s, SOL_SOCKET, SO_KEEPALIVE,(char*) &opt, sizeof(int))) == -1)
    );
}

Performing C SOURCE FILE Test ZMQ_HAVE_TCP_KEEPCNT succeeded with the following compile output:
Change Dir: /home/yoshi/source/MatrixLED-Controller/build/CMakeFiles/CMakeTmp

Run Build Command(s):/usr/bin/make cmTC_e72b6/fast && /usr/bin/make -f CMakeFiles/cmTC_e72b6.dir/build.make CMakeFiles/cmTC_e72b6.dir/build
make[1]: Entering directory '/home/yoshi/source/MatrixLED-Controller/build/CMakeFiles/CMakeTmp'
Building C object CMakeFiles/cmTC_e72b6.dir/src.c.o
/usr/bin/cc   -std=gnu11 -Wno-tautological-constant-compare -DZMQ_HAVE_TCP_KEEPCNT   -o CMakeFiles/cmTC_e72b6.dir/src.c.o   -c /home/yoshi/source/MatrixLED-Controller/build/CMakeFiles/CMakeTmp/src.c
Linking C executable cmTC_e72b6
/usr/bin/cmake -E cmake_link_script CMakeFiles/cmTC_e72b6.dir/link.txt --verbose=1
/usr/bin/cc  -std=gnu11 -Wno-tautological-constant-compare -DZMQ_HAVE_TCP_KEEPCNT    -rdynamic CMakeFiles/cmTC_e72b6.dir/src.c.o  -o cmTC_e72b6 
make[1]: Leaving directory '/home/yoshi/source/MatrixLED-Controller/build/CMakeFiles/CMakeTmp'


...and run output:

Return value: 1
Source file was:

#include <sys/types.h>
#include <sys/socket.h>
#include <netinet/in.h>
#include <netinet/tcp.h>

int main(int argc, char *argv [])
{
    int s, rc, opt = 1;
    return(
       ((s = socket(PF_INET, SOCK_STREAM, 0)) == -1) ||
       ((rc = setsockopt(s, SOL_SOCKET, SO_KEEPALIVE,(char*) &opt, sizeof(int))) == -1) ||
       ((rc = setsockopt(s, IPPROTO_TCP, TCP_KEEPCNT,(char*) &opt, sizeof(int))) == -1)
    );
}

Performing C SOURCE FILE Test ZMQ_HAVE_TCP_KEEPIDLE succeeded with the following compile output:
Change Dir: /home/yoshi/source/MatrixLED-Controller/build/CMakeFiles/CMakeTmp

Run Build Command(s):/usr/bin/make cmTC_c15cb/fast && /usr/bin/make -f CMakeFiles/cmTC_c15cb.dir/build.make CMakeFiles/cmTC_c15cb.dir/build
make[1]: Entering directory '/home/yoshi/source/MatrixLED-Controller/build/CMakeFiles/CMakeTmp'
Building C object CMakeFiles/cmTC_c15cb.dir/src.c.o
/usr/bin/cc   -std=gnu11 -Wno-tautological-constant-compare -DZMQ_HAVE_TCP_KEEPIDLE   -o CMakeFiles/cmTC_c15cb.dir/src.c.o   -c /home/yoshi/source/MatrixLED-Controller/build/CMakeFiles/CMakeTmp/src.c
Linking C executable cmTC_c15cb
/usr/bin/cmake -E cmake_link_script CMakeFiles/cmTC_c15cb.dir/link.txt --verbose=1
/usr/bin/cc  -std=gnu11 -Wno-tautological-constant-compare -DZMQ_HAVE_TCP_KEEPIDLE    -rdynamic CMakeFiles/cmTC_c15cb.dir/src.c.o  -o cmTC_c15cb 
make[1]: Leaving directory '/home/yoshi/source/MatrixLED-Controller/build/CMakeFiles/CMakeTmp'


...and run output:

Return value: 1
Source file was:

#include <sys/types.h>
#include <sys/socket.h>
#include <netinet/in.h>
#include <netinet/tcp.h>

int main(int argc, char *argv [])
{
    int s, rc, opt = 1;
    return(
       ((s = socket(PF_INET, SOCK_STREAM, 0)) == -1) ||
       ((rc = setsockopt(s, SOL_SOCKET, SO_KEEPALIVE,(char*) &opt, sizeof(int))) == -1) ||
       ((rc = setsockopt(s, IPPROTO_TCP, TCP_KEEPIDLE,(char*) &opt, sizeof(int))) == -1)
    );
}

Performing C SOURCE FILE Test ZMQ_HAVE_TCP_KEEPINTVL succeeded with the following compile output:
Change Dir: /home/yoshi/source/MatrixLED-Controller/build/CMakeFiles/CMakeTmp

Run Build Command(s):/usr/bin/make cmTC_9edca/fast && /usr/bin/make -f CMakeFiles/cmTC_9edca.dir/build.make CMakeFiles/cmTC_9edca.dir/build
make[1]: Entering directory '/home/yoshi/source/MatrixLED-Controller/build/CMakeFiles/CMakeTmp'
Building C object CMakeFiles/cmTC_9edca.dir/src.c.o
/usr/bin/cc   -std=gnu11 -Wno-tautological-constant-compare -DZMQ_HAVE_TCP_KEEPINTVL   -o CMakeFiles/cmTC_9edca.dir/src.c.o   -c /home/yoshi/source/MatrixLED-Controller/build/CMakeFiles/CMakeTmp/src.c
Linking C executable cmTC_9edca
/usr/bin/cmake -E cmake_link_script CMakeFiles/cmTC_9edca.dir/link.txt --verbose=1
/usr/bin/cc  -std=gnu11 -Wno-tautological-constant-compare -DZMQ_HAVE_TCP_KEEPINTVL    -rdynamic CMakeFiles/cmTC_9edca.dir/src.c.o  -o cmTC_9edca 
make[1]: Leaving directory '/home/yoshi/source/MatrixLED-Controller/build/CMakeFiles/CMakeTmp'


...and run output:

Return value: 1
Source file was:

#include <sys/types.h>
#include <sys/socket.h>
#include <netinet/in.h>
#include <netinet/tcp.h>

int main(int argc, char *argv [])
{
    int s, rc, opt = 1;
    return(
       ((s = socket(PF_INET, SOCK_STREAM, 0)) == -1) ||
       ((rc = setsockopt(s, SOL_SOCKET, SO_KEEPALIVE,(char*) &opt, sizeof(int))) == -1) ||
       ((rc = setsockopt(s, IPPROTO_TCP, TCP_KEEPINTVL,(char*) &opt, sizeof(int))) == -1)
    );
}


Performing C SOURCE FILE Test ZMQ_HAVE_TIPC succeeded with the following compile output:
Change Dir: /home/yoshi/source/MatrixLED-Controller/build/CMakeFiles/CMakeTmp

Run Build Command(s):/usr/bin/make cmTC_25d89/fast && /usr/bin/make -f CMakeFiles/cmTC_25d89.dir/build.make CMakeFiles/cmTC_25d89.dir/build
make[1]: Entering directory '/home/yoshi/source/MatrixLED-Controller/build/CMakeFiles/CMakeTmp'
Building C object CMakeFiles/cmTC_25d89.dir/src.c.o
/usr/bin/cc   -std=gnu11 -Wno-tautological-constant-compare -DZMQ_HAVE_TIPC   -o CMakeFiles/cmTC_25d89.dir/src.c.o   -c /home/yoshi/source/MatrixLED-Controller/build/CMakeFiles/CMakeTmp/src.c
Linking C executable cmTC_25d89
/usr/bin/cmake -E cmake_link_script CMakeFiles/cmTC_25d89.dir/link.txt --verbose=1
/usr/bin/cc  -std=gnu11 -Wno-tautological-constant-compare -DZMQ_HAVE_TIPC    -rdynamic CMakeFiles/cmTC_25d89.dir/src.c.o  -o cmTC_25d89 
make[1]: Leaving directory '/home/yoshi/source/MatrixLED-Controller/build/CMakeFiles/CMakeTmp'


...and run output:

Return value: 1
Source file was:

#include <stdlib.h>
#include <string.h>
#include <fcntl.h>
#include <errno.h>
#include <sys/socket.h>
#include <linux/tipc.h>

int main(int argc, char *argv [])
{
    struct sockaddr_tipc topsrv;
    int sd = socket(AF_TIPC, SOCK_SEQPACKET, 0);
    memset(&topsrv, 0, sizeof(topsrv));
    topsrv.family = AF_TIPC;
    topsrv.addrtype = TIPC_ADDR_NAME;
    topsrv.addr.name.name.type = TIPC_TOP_SRV;
    topsrv.addr.name.name.instance = TIPC_TOP_SRV;
    fcntl(sd, F_SETFL, O_NONBLOCK);
}

Performing C SOURCE FILE Test ZMQ_HAVE_PTHREAD_SETNAME_2 succeeded with the following compile output:
Change Dir: /home/yoshi/source/MatrixLED-Controller/build/CMakeFiles/CMakeTmp

Run Build Command(s):/usr/bin/make cmTC_c08ad/fast && /usr/bin/make -f CMakeFiles/cmTC_c08ad.dir/build.make CMakeFiles/cmTC_c08ad.dir/build
make[1]: Entering directory '/home/yoshi/source/MatrixLED-Controller/build/CMakeFiles/CMakeTmp'
Building C object CMakeFiles/cmTC_c08ad.dir/src.c.o
/usr/bin/cc   -std=gnu11 -Wno-tautological-constant-compare -DZMQ_HAVE_PTHREAD_SETNAME_2 -D_GNU_SOURCE -Werror -pthread   -o CMakeFiles/cmTC_c08ad.dir/src.c.o   -c /home/yoshi/source/MatrixLED-Controller/build/CMakeFiles/CMakeTmp/src.c
Linking C executable cmTC_c08ad
/usr/bin/cmake -E cmake_link_script CMakeFiles/cmTC_c08ad.dir/link.txt --verbose=1
/usr/bin/cc  -std=gnu11 -Wno-tautological-constant-compare -DZMQ_HAVE_PTHREAD_SETNAME_2 -D_GNU_SOURCE -Werror -pthread    -rdynamic CMakeFiles/cmTC_c08ad.dir/src.c.o  -o cmTC_c08ad 
make[1]: Leaving directory '/home/yoshi/source/MatrixLED-Controller/build/CMakeFiles/CMakeTmp'


...and run output:

Return value: 1
Source file was:

#include <pthread.h>

int main(int argc, char *argv [])
{
    pthread_setname_np (pthread_self(), "foo");
    return 0;
}

Performing C SOURCE FILE Test ZMQ_HAVE_PTHREAD_SET_AFFINITY succeeded with the following compile output:
Change Dir: /home/yoshi/source/MatrixLED-Controller/build/CMakeFiles/CMakeTmp

Run Build Command(s):/usr/bin/make cmTC_8f472/fast && /usr/bin/make -f CMakeFiles/cmTC_8f472.dir/build.make CMakeFiles/cmTC_8f472.dir/build
make[1]: Entering directory '/home/yoshi/source/MatrixLED-Controller/build/CMakeFiles/CMakeTmp'
Building C object CMakeFiles/cmTC_8f472.dir/src.c.o
/usr/bin/cc   -std=gnu11 -Wno-tautological-constant-compare -DZMQ_HAVE_PTHREAD_SET_AFFINITY -D_GNU_SOURCE -Werror -pthread   -o CMakeFiles/cmTC_8f472.dir/src.c.o   -c /home/yoshi/source/MatrixLED-Controller/build/CMakeFiles/CMakeTmp/src.c
Linking C executable cmTC_8f472
/usr/bin/cmake -E cmake_link_script CMakeFiles/cmTC_8f472.dir/link.txt --verbose=1
/usr/bin/cc  -std=gnu11 -Wno-tautological-constant-compare -DZMQ_HAVE_PTHREAD_SET_AFFINITY -D_GNU_SOURCE -Werror -pthread    -rdynamic CMakeFiles/cmTC_8f472.dir/src.c.o  -o cmTC_8f472 
make[1]: Leaving directory '/home/yoshi/source/MatrixLED-Controller/build/CMakeFiles/CMakeTmp'


...and run output:

Return value: 1
Source file was:

#include <pthread.h>

int main(int argc, char *argv [])
{
    cpu_set_t test; 
    pthread_setaffinity_np (pthread_self(), sizeof(cpu_set_t), &test);
    return 0;
}

Performing C SOURCE FILE Test ZMQ_HAVE_GETRANDOM succeeded with the following compile output:
Change Dir: /home/yoshi/source/MatrixLED-Controller/build/CMakeFiles/CMakeTmp

Run Build Command(s):/usr/bin/make cmTC_d5467/fast && /usr/bin/make -f CMakeFiles/cmTC_d5467.dir/build.make CMakeFiles/cmTC_d5467.dir/build
make[1]: Entering directory '/home/yoshi/source/MatrixLED-Controller/build/CMakeFiles/CMakeTmp'
Building C object CMakeFiles/cmTC_d5467.dir/src.c.o
/usr/bin/cc   -std=gnu11 -Wno-tautological-constant-compare -DZMQ_HAVE_GETRANDOM   -o CMakeFiles/cmTC_d5467.dir/src.c.o   -c /home/yoshi/source/MatrixLED-Controller/build/CMakeFiles/CMakeTmp/src.c
Linking C executable cmTC_d5467
/usr/bin/cmake -E cmake_link_script CMakeFiles/cmTC_d5467.dir/link.txt --verbose=1
/usr/bin/cc  -std=gnu11 -Wno-tautological-constant-compare -DZMQ_HAVE_GETRANDOM    -rdynamic CMakeFiles/cmTC_d5467.dir/src.c.o  -o cmTC_d5467 
make[1]: Leaving directory '/home/yoshi/source/MatrixLED-Controller/build/CMakeFiles/CMakeTmp'


...and run output:

Return value: 1
Source file was:

#include <sys/random.h>

int main (int argc, char *argv [])
{
    char buf[4];
    int rc = getrandom(buf, 4, 0);
    return rc == -1 ? 1 : 0;
}

